Logging to: /home/tudor/dev/request-cancellation-research/experiments/sq2/logs/e2b-clientwrite_20260529_103641.log
Started at: Fri May 29 10:36:41 AM CEST 2026
▶ E2b-clientwrite — ClientWrite accumulation quantification
  WebFlux only. N consecutive streaming cancellations, 120s post-monitor.
  Each rep restarts the WebFlux container for fresh pool state.
── N=3 ──

E2b-clientwrite | N=3 | reps=5
  URL: http://localhost:8083/stream-db
  Each rep: 3 sequential cancellations → 120s monitoring → container restart
──────────────────────────────────────────────────────────────────────

── Rep 1/5 ──
  Restarting WebFlux container (fresh R2DBC pool)...
  Firing 3 sequential streaming cancellations...
    cancel 1/3: clientwrite=0  active_stream=2
    cancel 2/3: clientwrite=0  active_stream=2
    cancel 3/3: clientwrite=0  active_stream=2
  Monitoring for 120s after final cancellation...
    t+0s: clientwrite=0  active_stream=2
    t+1s: clientwrite=0  active_stream=2
    t+21s: clientwrite=0  active_stream=2
    t+40s: clientwrite=1  active_stream=2
    t+60s: clientwrite=1  active_stream=2
    t+61s: clientwrite=1  active_stream=2
    t+80s: clientwrite=1  active_stream=2
    t+81s: clientwrite=1  active_stream=2
    t+100s: clientwrite=1  active_stream=2
  At t+120s: clientwrite=1  active_stream=2  cleared=0
  Rep 1 result: first_cw_at=None  peak=1  cleared=0  stuck_at_120s=1

── Rep 2/5 ──
  Restarting WebFlux container (fresh R2DBC pool)...
  Firing 3 sequential streaming cancellations...
    cancel 1/3: clientwrite=0  active_stream=2
    cancel 2/3: clientwrite=0  active_stream=2
    cancel 3/3: clientwrite=0  active_stream=2
  Monitoring for 120s after final cancellation...
    t+0s: clientwrite=0  active_stream=2
    t+1s: clientwrite=0  active_stream=2
    t+21s: clientwrite=0  active_stream=2
    t+40s: clientwrite=1  active_stream=2
    t+60s: clientwrite=1  active_stream=2
    t+61s: clientwrite=1  active_stream=2
    t+80s: clientwrite=1  active_stream=2
    t+81s: clientwrite=1  active_stream=2
    t+100s: clientwrite=1  active_stream=2
  At t+120s: clientwrite=1  active_stream=2  cleared=0
  Rep 2 result: first_cw_at=None  peak=1  cleared=0  stuck_at_120s=1

── Rep 3/5 ──
  Restarting WebFlux container (fresh R2DBC pool)...
  Firing 3 sequential streaming cancellations...
    cancel 1/3: clientwrite=0  active_stream=2
    cancel 2/3: clientwrite=0  active_stream=2
    cancel 3/3: clientwrite=0  active_stream=2
  Monitoring for 120s after final cancellation...
    t+0s: clientwrite=0  active_stream=2
    t+1s: clientwrite=0  active_stream=2
    t+21s: clientwrite=0  active_stream=2
    t+40s: clientwrite=1  active_stream=2
    t+60s: clientwrite=1  active_stream=2
    t+61s: clientwrite=1  active_stream=2
    t+80s: clientwrite=1  active_stream=2
    t+81s: clientwrite=1  active_stream=2
    t+100s: clientwrite=1  active_stream=2
  At t+120s: clientwrite=1  active_stream=2  cleared=0
  Rep 3 result: first_cw_at=None  peak=1  cleared=0  stuck_at_120s=1

── Rep 4/5 ──
  Restarting WebFlux container (fresh R2DBC pool)...
  Firing 3 sequential streaming cancellations...
    cancel 1/3: clientwrite=0  active_stream=2
    cancel 2/3: clientwrite=0  active_stream=2
    cancel 3/3: clientwrite=0  active_stream=2
  Monitoring for 120s after final cancellation...
    t+0s: clientwrite=0  active_stream=2
    t+1s: clientwrite=0  active_stream=2
    t+21s: clientwrite=0  active_stream=2
    t+40s: clientwrite=1  active_stream=2
    t+60s: clientwrite=1  active_stream=2
    t+61s: clientwrite=1  active_stream=2
    t+80s: clientwrite=1  active_stream=2
    t+81s: clientwrite=1  active_stream=2
    t+101s: clientwrite=1  active_stream=2
  At t+120s: clientwrite=1  active_stream=2  cleared=0
  Rep 4 result: first_cw_at=None  peak=1  cleared=0  stuck_at_120s=1

── Rep 5/5 ──
  Restarting WebFlux container (fresh R2DBC pool)...
  Firing 3 sequential streaming cancellations...
    cancel 1/3: clientwrite=0  active_stream=2
    cancel 2/3: clientwrite=0  active_stream=2
    cancel 3/3: clientwrite=0  active_stream=2
  Monitoring for 120s after final cancellation...
    t+0s: clientwrite=0  active_stream=2
    t+1s: clientwrite=0  active_stream=2
    t+21s: clientwrite=0  active_stream=2
    t+40s: clientwrite=1  active_stream=2
    t+41s: clientwrite=1  active_stream=2
    t+60s: clientwrite=1  active_stream=2
    t+61s: clientwrite=1  active_stream=2
    t+81s: clientwrite=1  active_stream=2
    t+100s: clientwrite=1  active_stream=2
    t+101s: clientwrite=1  active_stream=2
  At t+120s: clientwrite=1  active_stream=2  cleared=0
  Rep 5 result: first_cw_at=None  peak=1  cleared=0  stuck_at_120s=1
── N=5 ──

E2b-clientwrite | N=5 | reps=5
  URL: http://localhost:8083/stream-db
  Each rep: 5 sequential cancellations → 120s monitoring → container restart
──────────────────────────────────────────────────────────────────────

── Rep 1/5 ──
  Restarting WebFlux container (fresh R2DBC pool)...
  Firing 5 sequential streaming cancellations...
    cancel 1/5: clientwrite=0  active_stream=2
    cancel 2/5: clientwrite=0  active_stream=2
    cancel 3/5: clientwrite=0  active_stream=2
    cancel 4/5: clientwrite=0  active_stream=2
    cancel 5/5: clientwrite=0  active_stream=2
  Monitoring for 120s after final cancellation...
    t+0s: clientwrite=0  active_stream=2
    t+1s: clientwrite=0  active_stream=2
    t+21s: clientwrite=0  active_stream=2
    t+40s: clientwrite=1  active_stream=2
    t+60s: clientwrite=1  active_stream=2
    t+61s: clientwrite=1  active_stream=2
    t+80s: clientwrite=1  active_stream=2
    t+81s: clientwrite=1  active_stream=2
    t+100s: clientwrite=1  active_stream=2
    t+101s: clientwrite=1  active_stream=2
  At t+120s: clientwrite=1  active_stream=2  cleared=0
  Rep 1 result: first_cw_at=None  peak=1  cleared=0  stuck_at_120s=1

── Rep 2/5 ──
  Restarting WebFlux container (fresh R2DBC pool)...
  Firing 5 sequential streaming cancellations...
    cancel 1/5: clientwrite=0  active_stream=2
    cancel 2/5: clientwrite=0  active_stream=2
    cancel 3/5: clientwrite=0  active_stream=2
    cancel 4/5: clientwrite=0  active_stream=2
    cancel 5/5: clientwrite=0  active_stream=2
  Monitoring for 120s after final cancellation...
    t+0s: clientwrite=0  active_stream=2
    t+1s: clientwrite=0  active_stream=2
    t+20s: clientwrite=0  active_stream=2
    t+21s: clientwrite=0  active_stream=2
    t+40s: clientwrite=1  active_stream=2
    t+41s: clientwrite=1  active_stream=2
    t+61s: clientwrite=1  active_stream=2
    t+80s: clientwrite=1  active_stream=2
    t+100s: clientwrite=1  active_stream=2
    t+101s: clientwrite=1  active_stream=2
  At t+120s: clientwrite=1  active_stream=2  cleared=0
  Rep 2 result: first_cw_at=None  peak=1  cleared=0  stuck_at_120s=1

── Rep 3/5 ──
  Restarting WebFlux container (fresh R2DBC pool)...
  Firing 5 sequential streaming cancellations...
    cancel 1/5: clientwrite=0  active_stream=2
    cancel 2/5: clientwrite=0  active_stream=2
    cancel 3/5: clientwrite=0  active_stream=2
    cancel 4/5: clientwrite=0  active_stream=2
    cancel 5/5: clientwrite=0  active_stream=2
  Monitoring for 120s after final cancellation...
    t+0s: clientwrite=0  active_stream=2
    t+1s: clientwrite=0  active_stream=2
    t+20s: clientwrite=0  active_stream=2
    t+21s: clientwrite=0  active_stream=2
    t+40s: clientwrite=1  active_stream=2
    t+60s: clientwrite=1  active_stream=2
    t+61s: clientwrite=1  active_stream=2
    t+80s: clientwrite=1  active_stream=2
    t+81s: clientwrite=1  active_stream=2
    t+100s: clientwrite=1  active_stream=2
  At t+120s: clientwrite=1  active_stream=2  cleared=0
  Rep 3 result: first_cw_at=None  peak=1  cleared=0  stuck_at_120s=1

── Rep 4/5 ──
  Restarting WebFlux container (fresh R2DBC pool)...
  Firing 5 sequential streaming cancellations...
    cancel 1/5: clientwrite=0  active_stream=2
    cancel 2/5: clientwrite=0  active_stream=2
    cancel 3/5: clientwrite=0  active_stream=2
    cancel 4/5: clientwrite=0  active_stream=2
    cancel 5/5: clientwrite=0  active_stream=2
  Monitoring for 120s after final cancellation...
    t+0s: clientwrite=0  active_stream=2
    t+1s: clientwrite=0  active_stream=2
    t+20s: clientwrite=0  active_stream=2
    t+21s: clientwrite=0  active_stream=2
    t+40s: clientwrite=1  active_stream=2
    t+60s: clientwrite=1  active_stream=2
    t+61s: clientwrite=1  active_stream=2
    t+80s: clientwrite=1  active_stream=2
    t+81s: clientwrite=1  active_stream=2
    t+100s: clientwrite=1  active_stream=2
  At t+120s: clientwrite=1  active_stream=2  cleared=0
  Rep 4 result: first_cw_at=None  peak=1  cleared=0  stuck_at_120s=1

── Rep 5/5 ──
  Restarting WebFlux container (fresh R2DBC pool)...
  Firing 5 sequential streaming cancellations...
    cancel 1/5: clientwrite=0  active_stream=2
    cancel 2/5: clientwrite=0  active_stream=2
    cancel 3/5: clientwrite=0  active_stream=2
    cancel 4/5: clientwrite=0  active_stream=2
    cancel 5/5: clientwrite=0  active_stream=2
  Monitoring for 120s after final cancellation...
    t+0s: clientwrite=0  active_stream=2
    t+1s: clientwrite=0  active_stream=2
    t+21s: clientwrite=0  active_stream=2
    t+40s: clientwrite=1  active_stream=2
    t+60s: clientwrite=1  active_stream=2
    t+61s: clientwrite=1  active_stream=2
    t+81s: clientwrite=1  active_stream=2
    t+100s: clientwrite=1  active_stream=2
    t+101s: clientwrite=1  active_stream=2
  At t+120s: clientwrite=1  active_stream=2  cleared=0
  Rep 5 result: first_cw_at=None  peak=1  cleared=0  stuck_at_120s=1
── N=10 ──

E2b-clientwrite | N=10 | reps=5
  URL: http://localhost:8083/stream-db
  Each rep: 10 sequential cancellations → 120s monitoring → container restart
──────────────────────────────────────────────────────────────────────

── Rep 1/5 ──
  Restarting WebFlux container (fresh R2DBC pool)...
  Firing 10 sequential streaming cancellations...
    cancel 1/10: clientwrite=0  active_stream=2
    cancel 2/10: clientwrite=0  active_stream=2
    cancel 3/10: clientwrite=0  active_stream=2
    cancel 4/10: clientwrite=0  active_stream=2
    cancel 5/10: clientwrite=0  active_stream=2
    cancel 6/10: clientwrite=0  active_stream=2
    cancel 7/10: clientwrite=0  active_stream=2
    cancel 8/10: clientwrite=0  active_stream=2
    cancel 9/10: clientwrite=0  active_stream=2
    cancel 10/10: clientwrite=0  active_stream=2
  Monitoring for 120s after final cancellation...
    t+0s: clientwrite=0  active_stream=2
    t+1s: clientwrite=0  active_stream=2
    t+21s: clientwrite=1  active_stream=2
    t+40s: clientwrite=1  active_stream=2
    t+41s: clientwrite=1  active_stream=2
    t+60s: clientwrite=1  active_stream=2
    t+61s: clientwrite=1  active_stream=2
    t+81s: clientwrite=1  active_stream=2
    t+100s: clientwrite=1  active_stream=2
  At t+120s: clientwrite=1  active_stream=2  cleared=0
  Rep 1 result: first_cw_at=None  peak=1  cleared=0  stuck_at_120s=1

── Rep 2/5 ──
  Restarting WebFlux container (fresh R2DBC pool)...
  Firing 10 sequential streaming cancellations...
    cancel 1/10: clientwrite=0  active_stream=2
    cancel 2/10: clientwrite=0  active_stream=2
    cancel 3/10: clientwrite=0  active_stream=2
    cancel 4/10: clientwrite=0  active_stream=2
    cancel 5/10: clientwrite=0  active_stream=2
    cancel 6/10: clientwrite=0  active_stream=2
    cancel 7/10: clientwrite=0  active_stream=2
    cancel 8/10: clientwrite=0  active_stream=2
    cancel 9/10: clientwrite=0  active_stream=2
    cancel 10/10: clientwrite=0  active_stream=2
  Monitoring for 120s after final cancellation...
    t+0s: clientwrite=0  active_stream=2
    t+1s: clientwrite=0  active_stream=2
    t+21s: clientwrite=1  active_stream=2
    t+40s: clientwrite=1  active_stream=2
    t+41s: clientwrite=1  active_stream=2
    t+60s: clientwrite=1  active_stream=2
    t+61s: clientwrite=1  active_stream=2
    t+81s: clientwrite=1  active_stream=2
    t+100s: clientwrite=1  active_stream=2
  At t+120s: clientwrite=1  active_stream=2  cleared=0
  Rep 2 result: first_cw_at=None  peak=1  cleared=0  stuck_at_120s=1

── Rep 3/5 ──
  Restarting WebFlux container (fresh R2DBC pool)...
  Firing 10 sequential streaming cancellations...
    cancel 1/10: clientwrite=0  active_stream=2
    cancel 2/10: clientwrite=0  active_stream=2
    cancel 3/10: clientwrite=0  active_stream=2
    cancel 4/10: clientwrite=0  active_stream=2
    cancel 5/10: clientwrite=0  active_stream=2
    cancel 6/10: clientwrite=0  active_stream=2
    cancel 7/10: clientwrite=0  active_stream=2
    cancel 8/10: clientwrite=0  active_stream=2
    cancel 9/10: clientwrite=0  active_stream=2
    cancel 10/10: clientwrite=0  active_stream=2
  Monitoring for 120s after final cancellation...
    t+0s: clientwrite=0  active_stream=2
    t+1s: clientwrite=0  active_stream=2
    t+20s: clientwrite=0  active_stream=2
    t+21s: clientwrite=1  active_stream=2
    t+40s: clientwrite=1  active_stream=2
    t+60s: clientwrite=1  active_stream=2
    t+61s: clientwrite=1  active_stream=2
    t+80s: clientwrite=1  active_stream=2
    t+81s: clientwrite=1  active_stream=2
    t+100s: clientwrite=1  active_stream=2
  At t+120s: clientwrite=1  active_stream=2  cleared=0
  Rep 3 result: first_cw_at=None  peak=1  cleared=0  stuck_at_120s=1

── Rep 4/5 ──
  Restarting WebFlux container (fresh R2DBC pool)...
  Firing 10 sequential streaming cancellations...
    cancel 1/10: clientwrite=0  active_stream=2
    cancel 2/10: clientwrite=0  active_stream=2
    cancel 3/10: clientwrite=0  active_stream=2
    cancel 4/10: clientwrite=0  active_stream=2
    cancel 5/10: clientwrite=0  active_stream=2
    cancel 6/10: clientwrite=0  active_stream=2
    cancel 7/10: clientwrite=0  active_stream=2
    cancel 8/10: clientwrite=0  active_stream=2
    cancel 9/10: clientwrite=0  active_stream=2
    cancel 10/10: clientwrite=0  active_stream=2
  Monitoring for 120s after final cancellation...
    t+0s: clientwrite=0  active_stream=2
    t+1s: clientwrite=0  active_stream=2
    t+21s: clientwrite=1  active_stream=2
    t+40s: clientwrite=1  active_stream=2
    t+41s: clientwrite=1  active_stream=2
    t+60s: clientwrite=1  active_stream=2
    t+61s: clientwrite=1  active_stream=2
    t+81s: clientwrite=1  active_stream=2
    t+100s: clientwrite=1  active_stream=2
    t+101s: clientwrite=1  active_stream=2
    t+120s: clientwrite=1  active_stream=2
  At t+120s: clientwrite=1  active_stream=2  cleared=0
  Rep 4 result: first_cw_at=None  peak=1  cleared=0  stuck_at_120s=1

── Rep 5/5 ──
  Restarting WebFlux container (fresh R2DBC pool)...
  Firing 10 sequential streaming cancellations...
    cancel 1/10: clientwrite=0  active_stream=2
    cancel 2/10: clientwrite=0  active_stream=2
    cancel 3/10: clientwrite=0  active_stream=2
    cancel 4/10: clientwrite=0  active_stream=2
    cancel 5/10: clientwrite=0  active_stream=2
    cancel 6/10: clientwrite=0  active_stream=2
    cancel 7/10: clientwrite=0  active_stream=2
    cancel 8/10: clientwrite=0  active_stream=2
    cancel 9/10: clientwrite=0  active_stream=2
    cancel 10/10: clientwrite=0  active_stream=2
  Monitoring for 120s after final cancellation...
    t+0s: clientwrite=0  active_stream=2
    t+1s: clientwrite=0  active_stream=2
    t+21s: clientwrite=1  active_stream=2
    t+40s: clientwrite=1  active_stream=2
    t+41s: clientwrite=1  active_stream=2
    t+60s: clientwrite=1  active_stream=2
    t+61s: clientwrite=1  active_stream=2
    t+81s: clientwrite=1  active_stream=2
    t+100s: clientwrite=1  active_stream=2
    t+101s: clientwrite=1  active_stream=2
    t+120s: clientwrite=1  active_stream=2
  At t+120s: clientwrite=1  active_stream=2  cleared=0
  Rep 5 result: first_cw_at=None  peak=1  cleared=0  stuck_at_120s=1

E2b-clientwrite complete. Analyse:
  conda activate thesis-stats && python /home/tudor/dev/request-cancellation-research/tests/sq2/e2b_clientwrite_analyse.py

════════════════════════════════════════════════════════════════════
E2 e2b-clientwrite finished. Full synthesis:
  conda activate thesis-stats && python /home/tudor/dev/request-cancellation-research/tests/sq2/e2_analyse.py
