Logging to: /home/tudor/dev/request-cancellation-research/experiments/sq2/logs/e2c_20260518_183827.log
Started at: Mon May 18 06:38:27 PM CEST 2026
в–¶ E2c вЂ” outbound HTTP cancellation (connection-close protocol)
  Downstream mock must be running.
Waiting for downstream mock (pip install + startup)...
[notice] A new release of pip is available: 25.0.1 -> 26.1.1
[notice] To update, run: pip install --upgrade pip
ts=1779122323880 req=server stage=downstream event=started detail=port=8090
в”Ђв”Ђ ASP.NET в”Ђв”Ђ
threadpool min_worker=1 max_worker=200 logical_cpus=1
aspnet ready

E2c | framework=aspnet | N=1 | cancel_after=2.0s | runs=10
в”Ђв”Ђв”Ђв”Ђв”Ђв”Ђв”Ђв”Ђв”Ђв”Ђв”Ђв”Ђв”Ђв”Ђв”Ђв”Ђв”Ђв”Ђв”Ђв”Ђв”Ђв”Ђв”Ђв”Ђв”Ђв”Ђв”Ђв”Ђв”Ђв”Ђв”Ђв”Ђв”Ђв”Ђв”Ђв”Ђв”Ђв”Ђв”Ђв”Ђв”Ђв”Ђв”Ђв”Ђв”Ђв”Ђв”Ђв”Ђв”Ђв”Ђв”Ђв”Ђв”Ђв”Ђв”Ђв”Ђв”Ђв”Ђв”Ђв”Ђ
  run 1/10: det=1/1 outbound_cancelled=1/1 downstream=вњ“ lat=6ms
  run 2/10: det=1/1 outbound_cancelled=1/1 downstream=вњ“ lat=10ms
  run 3/10: det=1/1 outbound_cancelled=1/1 downstream=вњ“ lat=11ms
  run 4/10: det=1/1 outbound_cancelled=1/1 downstream=вњ“ lat=8ms
  run 5/10: det=1/1 outbound_cancelled=1/1 downstream=вњ“ lat=9ms
  run 6/10: det=1/1 outbound_cancelled=1/1 downstream=вњ“ lat=10ms
  run 7/10: det=1/1 outbound_cancelled=1/1 downstream=вњ“ lat=9ms
  run 8/10: det=1/1 outbound_cancelled=1/1 downstream=вњ“ lat=12ms
  run 9/10: det=1/1 outbound_cancelled=1/1 downstream=вњ“ lat=11ms
  run 10/10: det=1/1 outbound_cancelled=1/1 downstream=вњ“ lat=12ms
в”Ђв”Ђ WebFlux в”Ђв”Ђ

E2c | framework=webflux | N=1 | cancel_after=2.0s | runs=10
в”Ђв”Ђв”Ђв”Ђв”Ђв”Ђв”Ђв”Ђв”Ђв”Ђв”Ђв”Ђв”Ђв”Ђв”Ђв”Ђв”Ђв”Ђв”Ђв”Ђв”Ђв”Ђв”Ђв”Ђв”Ђв”Ђв”Ђв”Ђв”Ђв”Ђв”Ђв”Ђв”Ђв”Ђв”Ђв”Ђв”Ђв”Ђв”Ђв”Ђв”Ђв”Ђв”Ђв”Ђв”Ђв”Ђв”Ђв”Ђв”Ђв”Ђв”Ђв”Ђв”Ђв”Ђв”Ђв”Ђв”Ђв”Ђв”Ђв”Ђ
  run 1/10: det=0/1 outbound_cancelled=0/1 downstream=вњ— lat=Nonems
  run 2/10: det=0/1 outbound_cancelled=0/1 downstream=вњ— lat=Nonems
  run 3/10: det=0/1 outbound_cancelled=0/1 downstream=вњ— lat=Nonems
  run 4/10: det=0/1 outbound_cancelled=0/1 downstream=вњ— lat=Nonems
  run 5/10: det=0/1 outbound_cancelled=0/1 downstream=вњ— lat=Nonems
  run 6/10: det=0/1 outbound_cancelled=0/1 downstream=вњ— lat=Nonems
  run 7/10: det=0/1 outbound_cancelled=0/1 downstream=вњ— lat=Nonems
  run 8/10: det=0/1 outbound_cancelled=0/1 downstream=вњ— lat=Nonems
  run 9/10: det=0/1 outbound_cancelled=0/1 downstream=вњ— lat=Nonems
  run 10/10: det=0/1 outbound_cancelled=0/1 downstream=вњ— lat=Nonems

E2c complete. Analyse:
  conda activate thesis-stats && python /home/tudor/dev/request-cancellation-research/tests/sq2/e2_analyse.py --only e2c

в•ђв•ђв•ђв•ђв•ђв•ђв•ђв•ђв•ђв•ђв•ђв•ђв•ђв•ђв•ђв•ђв•ђв•ђв•ђв•ђв•ђв•ђв•ђв•ђв•ђв•ђв•ђв•ђв•ђв•ђв•ђв•ђв•ђв•ђв•ђв•ђв•ђв•ђв•ђв•ђв•ђв•ђв•ђв•ђв•ђв•ђв•ђв•ђв•ђв•ђв•ђв•ђв•ђв•ђв•ђв•ђв•ђв•ђв•ђв•ђв•ђв•ђв•ђв•ђв•ђв•ђв•ђв•ђ
E2 e2c finished. Full synthesis:
  conda activate thesis-stats && python /home/tudor/dev/request-cancellation-research/tests/sq2/e2_analyse.py
