Supervisor started Wed  3 Jun 10:54:39 CEST 2026
  per-cell gating handled inside e1a_run.sh (GATE_THRESHOLD=0.4)

════════════════════════════════════════════════════════════════════
QUEUE: webflux-sched  (Wed  3 Jun 10:54:46 CEST 2026)
════════════════════════════════════════════════════════════════════
Logging to: /home/tudor/dev/request-cancellation-research/experiments/sq1/e1a/logs/webflux-sched_20260603_105447.log
Started at: Wed  3 Jun 10:54:47 CEST 2026

▶ A1 within-WebFlux scheduler probe (K=100ms, C=1)
── boundedElastic (idiomatic; expect flat ~100% across N) ──
  [gate] waiting for quiet… load=1.24 (0s)
  [gate] quiet (load=0.32) — running cell
=== be N=1 ===
reactor_scheduler=boundedElastic yield_interval_ms=100

E1a | mode=webflux-sched | N=1 | T=1 | K=100ms | C=1
scenario=cpu | cancel_after=5.0s | runs=50
frameworks: ['webflux']
────────────────────────────────────────────────────────────
  webflux | cpu | N=1 | T=1 | K=100ms
    run 1/50: 1 req  1 cancelled  L1=2ms
    run 2/50: 1 req  1 cancelled  L1=3ms
    run 3/50: 1 req  1 cancelled  L1=0ms
    run 4/50: 1 req  1 cancelled  L1=0ms
    run 5/50: 1 req  1 cancelled  L1=0ms
    run 6/50: 1 req  1 cancelled  L1=0ms
    run 7/50: 1 req  1 cancelled  L1=0ms
    run 8/50: 1 req  1 cancelled  L1=0ms
    run 9/50: 1 req  1 cancelled  L1=0ms
    run 10/50: 1 req  1 cancelled  L1=1ms
    run 11/50: 1 req  1 cancelled  L1=0ms
    run 12/50: 1 req  1 cancelled  L1=1ms
    run 13/50: 1 req  1 cancelled  L1=0ms
    run 14/50: 1 req  1 cancelled  L1=0ms
    run 15/50: 1 req  1 cancelled  L1=0ms
    run 16/50: 1 req  1 cancelled  L1=0ms
    run 17/50: 1 req  1 cancelled  L1=0ms
    run 18/50: 1 req  1 cancelled  L1=0ms
    run 19/50: 1 req  1 cancelled  L1=0ms
    run 20/50: 1 req  1 cancelled  L1=0ms
    run 21/50: 1 req  1 cancelled  L1=0ms
    run 22/50: 1 req  1 cancelled  L1=0ms
    run 23/50: 1 req  1 cancelled  L1=1ms
    run 24/50: 1 req  1 cancelled  L1=0ms
    run 25/50: 1 req  1 cancelled  L1=0ms
    run 26/50: 1 req  1 cancelled  L1=0ms
    run 27/50: 1 req  1 cancelled  L1=1ms
    run 28/50: 1 req  1 cancelled  L1=0ms
    run 29/50: 1 req  1 cancelled  L1=0ms
    run 30/50: 1 req  1 cancelled  L1=0ms
    run 31/50: 1 req  1 cancelled  L1=0ms
    run 32/50: 1 req  1 cancelled  L1=0ms
    run 33/50: 1 req  1 cancelled  L1=1ms
    run 34/50: 1 req  1 cancelled  L1=0ms
    run 35/50: 1 req  1 cancelled  L1=1ms
    run 36/50: 1 req  1 cancelled  L1=1ms
    run 37/50: 1 req  1 cancelled  L1=0ms
    run 38/50: 1 req  1 cancelled  L1=0ms
    run 39/50: 1 req  1 cancelled  L1=1ms
    run 40/50: 1 req  1 cancelled  L1=1ms
    run 41/50: 1 req  1 cancelled  L1=0ms
    run 42/50: 1 req  1 cancelled  L1=0ms
    run 43/50: 1 req  1 cancelled  L1=0ms
    run 44/50: 1 req  1 cancelled  L1=0ms
    run 45/50: 1 req  1 cancelled  L1=0ms
    run 46/50: 1 req  1 cancelled  L1=0ms
    run 47/50: 1 req  1 cancelled  L1=0ms
    run 48/50: 1 req  1 cancelled  L1=0ms
    run 49/50: 1 req  1 cancelled  L1=1ms
    run 50/50: 1 req  1 cancelled  L1=0ms
  → rate=1.0  written to e1f_webflux_be.csv
  [gate] waiting for quiet… load=0.46 (0s)
  [gate] quiet (load=0.33) — running cell
=== be N=8 ===
reactor_scheduler=boundedElastic yield_interval_ms=100

E1a | mode=webflux-sched | N=8 | T=8 | K=100ms | C=1
scenario=cpu | cancel_after=5.0s | runs=50
frameworks: ['webflux']
────────────────────────────────────────────────────────────
  webflux | cpu | N=8 | T=8 | K=100ms
    run 1/50: 8 req  8 cancelled  L1=33ms
    run 2/50: 8 req  8 cancelled  L1=2ms
    run 3/50: 8 req  8 cancelled  L1=2ms
    run 4/50: 8 req  8 cancelled  L1=1ms
    run 5/50: 8 req  8 cancelled  L1=1ms
    run 6/50: 8 req  8 cancelled  L1=4ms
    run 7/50: 8 req  8 cancelled  L1=3ms
    run 8/50: 8 req  8 cancelled  L1=2ms
    run 9/50: 8 req  8 cancelled  L1=1ms
    run 10/50: 8 req  8 cancelled  L1=3ms
    run 11/50: 8 req  8 cancelled  L1=1ms
    run 12/50: 8 req  8 cancelled  L1=1ms
    run 13/50: 8 req  8 cancelled  L1=3ms
    run 14/50: 8 req  8 cancelled  L1=2ms
    run 15/50: 8 req  8 cancelled  L1=1ms
    run 16/50: 8 req  8 cancelled  L1=2ms
    run 17/50: 8 req  8 cancelled  L1=1ms
    run 18/50: 8 req  8 cancelled  L1=1ms
    run 19/50: 8 req  8 cancelled  L1=1ms
    run 20/50: 8 req  8 cancelled  L1=1ms
    run 21/50: 8 req  8 cancelled  L1=1ms
    run 22/50: 8 req  8 cancelled  L1=1ms
    run 23/50: 8 req  8 cancelled  L1=4ms
    run 24/50: 8 req  8 cancelled  L1=1ms
    run 25/50: 8 req  8 cancelled  L1=3ms
    run 26/50: 8 req  8 cancelled  L1=2ms
    run 27/50: 8 req  8 cancelled  L1=2ms
    run 28/50: 8 req  8 cancelled  L1=3ms
    run 29/50: 8 req  8 cancelled  L1=1ms
    run 30/50: 8 req  8 cancelled  L1=4ms
    run 31/50: 8 req  8 cancelled  L1=2ms
    run 32/50: 8 req  8 cancelled  L1=2ms
    run 33/50: 8 req  8 cancelled  L1=3ms
    run 34/50: 8 req  8 cancelled  L1=3ms
    run 35/50: 8 req  8 cancelled  L1=2ms
    run 36/50: 8 req  8 cancelled  L1=1ms
    run 37/50: 8 req  8 cancelled  L1=2ms
    run 38/50: 8 req  8 cancelled  L1=3ms
    run 39/50: 8 req  8 cancelled  L1=1ms
    run 40/50: 8 req  8 cancelled  L1=4ms
    run 41/50: 8 req  8 cancelled  L1=1ms
    run 42/50: 8 req  8 cancelled  L1=0ms
    run 43/50: 8 req  8 cancelled  L1=1ms
    run 44/50: 8 req  8 cancelled  L1=1ms
    run 45/50: 8 req  8 cancelled  L1=0ms
    run 46/50: 8 req  8 cancelled  L1=1ms
    run 47/50: 8 req  8 cancelled  L1=1ms
    run 48/50: 8 req  8 cancelled  L1=0ms
    run 49/50: 8 req  8 cancelled  L1=0ms
    run 50/50: 8 req  8 cancelled  L1=0ms
  → rate=1.0  written to e1f_webflux_be.csv
  [gate] waiting for quiet… load=2.69 (0s)
  [gate] quiet (load=0.36) — running cell
=== be N=32 ===
reactor_scheduler=boundedElastic yield_interval_ms=100

E1a | mode=webflux-sched | N=32 | T=32 | K=100ms | C=1
scenario=cpu | cancel_after=5.0s | runs=50
frameworks: ['webflux']
────────────────────────────────────────────────────────────
  webflux | cpu | N=32 | T=32 | K=100ms
    run 1/50: 32 req  32 cancelled  L1=16ms
    run 2/50: 32 req  32 cancelled  L1=3ms
    run 3/50: 32 req  32 cancelled  L1=5ms
    run 4/50: 32 req  32 cancelled  L1=3ms
    run 5/50: 32 req  32 cancelled  L1=4ms
    run 6/50: 32 req  32 cancelled  L1=2ms
    run 7/50: 32 req  32 cancelled  L1=5ms
    run 8/50: 32 req  32 cancelled  L1=2ms
    run 9/50: 32 req  32 cancelled  L1=1ms
    run 10/50: 32 req  32 cancelled  L1=2ms
    run 11/50: 32 req  32 cancelled  L1=2ms
    run 12/50: 32 req  32 cancelled  L1=5ms
    run 13/50: 32 req  32 cancelled  L1=4ms
    run 14/50: 32 req  32 cancelled  L1=2ms
    run 15/50: 32 req  32 cancelled  L1=4ms
    run 16/50: 32 req  32 cancelled  L1=2ms
    run 17/50: 32 req  32 cancelled  L1=1ms
    run 18/50: 32 req  32 cancelled  L1=5ms
    run 19/50: 32 req  32 cancelled  L1=1ms
    run 20/50: 32 req  32 cancelled  L1=3ms
    run 21/50: 32 req  32 cancelled  L1=1ms
    run 22/50: 32 req  32 cancelled  L1=3ms
    run 23/50: 32 req  32 cancelled  L1=2ms
    run 24/50: 32 req  32 cancelled  L1=2ms
    run 25/50: 32 req  32 cancelled  L1=4ms
    run 26/50: 32 req  32 cancelled  L1=1ms
    run 27/50: 32 req  32 cancelled  L1=1ms
    run 28/50: 32 req  32 cancelled  L1=2ms
    run 29/50: 32 req  32 cancelled  L1=2ms
    run 30/50: 32 req  32 cancelled  L1=3ms
    run 31/50: 32 req  32 cancelled  L1=0ms
    run 32/50: 32 req  32 cancelled  L1=1ms
    run 33/50: 32 req  32 cancelled  L1=1ms
    run 34/50: 32 req  32 cancelled  L1=0ms
    run 35/50: 32 req  32 cancelled  L1=1ms
    run 36/50: 32 req  32 cancelled  L1=1ms
    run 37/50: 32 req  32 cancelled  L1=2ms
    run 38/50: 32 req  32 cancelled  L1=2ms
    run 39/50: 32 req  32 cancelled  L1=1ms
    run 40/50: 32 req  32 cancelled  L1=1ms
    run 41/50: 32 req  32 cancelled  L1=1ms
    run 42/50: 32 req  32 cancelled  L1=0ms
    run 43/50: 32 req  32 cancelled  L1=4ms
    run 44/50: 32 req  32 cancelled  L1=0ms
    run 45/50: 32 req  32 cancelled  L1=1ms
    run 46/50: 32 req  32 cancelled  L1=0ms
    run 47/50: 32 req  32 cancelled  L1=1ms
    run 48/50: 32 req  32 cancelled  L1=1ms
    run 49/50: 32 req  32 cancelled  L1=1ms
    run 50/50: 32 req  32 cancelled  L1=0ms
  → rate=1.0  written to e1f_webflux_be.csv
  [gate] waiting for quiet… load=3.63 (0s)
  [gate] quiet (load=0.35) — running cell
=== be N=100 ===
reactor_scheduler=boundedElastic yield_interval_ms=100

E1a | mode=webflux-sched | N=100 | T=100 | K=100ms | C=1
scenario=cpu | cancel_after=5.0s | runs=50
frameworks: ['webflux']
────────────────────────────────────────────────────────────
  webflux | cpu | N=100 | T=100 | K=100ms
    run 1/50: 100 req  100 cancelled  L1=34ms
    run 2/50: 100 req  100 cancelled  L1=8ms
    run 3/50: 100 req  100 cancelled  L1=8ms
    run 4/50: 100 req  100 cancelled  L1=5ms
    run 5/50: 100 req  100 cancelled  L1=6ms
    run 6/50: 100 req  100 cancelled  L1=5ms
    run 7/50: 100 req  100 cancelled  L1=4ms
    run 8/50: 100 req  100 cancelled  L1=3ms
    run 9/50: 100 req  100 cancelled  L1=3ms
    run 10/50: 100 req  100 cancelled  L1=3ms
    run 11/50: 100 req  100 cancelled  L1=8ms
    run 12/50: 100 req  100 cancelled  L1=3ms
    run 13/50: 100 req  100 cancelled  L1=3ms
    run 14/50: 100 req  100 cancelled  L1=2ms
    run 15/50: 100 req  100 cancelled  L1=2ms
    run 16/50: 100 req  100 cancelled  L1=2ms
    run 17/50: 100 req  100 cancelled  L1=1ms
    run 18/50: 100 req  100 cancelled  L1=1ms
    run 19/50: 100 req  100 cancelled  L1=2ms
    run 20/50: 100 req  100 cancelled  L1=2ms
    run 21/50: 100 req  100 cancelled  L1=5ms
    run 22/50: 100 req  100 cancelled  L1=1ms
    run 23/50: 100 req  100 cancelled  L1=3ms
    run 24/50: 100 req  100 cancelled  L1=1ms
    run 25/50: 100 req  100 cancelled  L1=2ms
    run 26/50: 100 req  100 cancelled  L1=3ms
    run 27/50: 100 req  100 cancelled  L1=1ms
    run 28/50: 100 req  100 cancelled  L1=3ms
    run 29/50: 100 req  100 cancelled  L1=1ms
    run 30/50: 100 req  100 cancelled  L1=3ms
    run 31/50: 100 req  100 cancelled  L1=4ms
    run 32/50: 100 req  100 cancelled  L1=1ms
    run 33/50: 100 req  100 cancelled  L1=4ms
    run 34/50: 100 req  100 cancelled  L1=4ms
    run 35/50: 100 req  100 cancelled  L1=2ms
    run 36/50: 100 req  100 cancelled  L1=3ms
    run 37/50: 100 req  100 cancelled  L1=3ms
    run 38/50: 100 req  100 cancelled  L1=0ms
    run 39/50: 100 req  100 cancelled  L1=2ms
    run 40/50: 100 req  100 cancelled  L1=3ms
    run 41/50: 100 req  100 cancelled  L1=3ms
    run 42/50: 100 req  100 cancelled  L1=1ms
    run 43/50: 100 req  100 cancelled  L1=4ms
    run 44/50: 100 req  100 cancelled  L1=0ms
    run 45/50: 100 req  100 cancelled  L1=1ms
    run 46/50: 100 req  100 cancelled  L1=1ms
    run 47/50: 100 req  100 cancelled  L1=2ms
    run 48/50: 100 req  100 cancelled  L1=3ms
    run 49/50: 100 req  100 cancelled  L1=1ms
    run 50/50: 100 req  100 cancelled  L1=1ms
  → rate=1.0  written to e1f_webflux_be.csv
  [gate] waiting for quiet… load=3.68 (0s)
  [gate] quiet (load=0.24) — running cell
=== be N=175 ===
reactor_scheduler=boundedElastic yield_interval_ms=100

E1a | mode=webflux-sched | N=175 | T=175 | K=100ms | C=1
scenario=cpu | cancel_after=5.0s | runs=50
frameworks: ['webflux']
────────────────────────────────────────────────────────────
  webflux | cpu | N=175 | T=175 | K=100ms
    run 1/50: 175 req  175 cancelled  L1=58ms
    run 2/50: 175 req  175 cancelled  L1=24ms
    run 3/50: 175 req  175 cancelled  L1=11ms
    run 4/50: 175 req  175 cancelled  L1=9ms
    run 5/50: 175 req  175 cancelled  L1=9ms
    run 6/50: 175 req  175 cancelled  L1=6ms
    run 7/50: 175 req  175 cancelled  L1=4ms
    run 8/50: 175 req  175 cancelled  L1=6ms
    run 9/50: 175 req  175 cancelled  L1=6ms
    run 10/50: 175 req  175 cancelled  L1=6ms
    run 11/50: 175 req  175 cancelled  L1=3ms
    run 12/50: 175 req  175 cancelled  L1=4ms
    run 13/50: 175 req  175 cancelled  L1=2ms
    run 14/50: 175 req  175 cancelled  L1=5ms
    run 15/50: 175 req  175 cancelled  L1=3ms
    run 16/50: 175 req  175 cancelled  L1=3ms
    run 17/50: 175 req  175 cancelled  L1=3ms
    run 18/50: 175 req  175 cancelled  L1=4ms
    run 19/50: 175 req  175 cancelled  L1=4ms
    run 20/50: 175 req  175 cancelled  L1=4ms
    run 21/50: 175 req  175 cancelled  L1=4ms
    run 22/50: 175 req  175 cancelled  L1=2ms
    run 23/50: 175 req  175 cancelled  L1=3ms
    run 24/50: 175 req  175 cancelled  L1=2ms
    run 25/50: 175 req  175 cancelled  L1=4ms
    run 26/50: 175 req  175 cancelled  L1=3ms
    run 27/50: 175 req  175 cancelled  L1=3ms
    run 28/50: 175 req  175 cancelled  L1=3ms
    run 29/50: 175 req  175 cancelled  L1=4ms
    run 30/50: 175 req  175 cancelled  L1=2ms
    run 31/50: 175 req  175 cancelled  L1=3ms
    run 32/50: 175 req  175 cancelled  L1=2ms
    run 33/50: 175 req  175 cancelled  L1=3ms
    run 34/50: 175 req  175 cancelled  L1=3ms
    run 35/50: 175 req  175 cancelled  L1=6ms
    run 36/50: 175 req  175 cancelled  L1=1ms
    run 37/50: 175 req  175 cancelled  L1=1ms
    run 38/50: 175 req  175 cancelled  L1=2ms
    run 39/50: 175 req  175 cancelled  L1=1ms
    run 40/50: 175 req  175 cancelled  L1=3ms
    run 41/50: 175 req  175 cancelled  L1=2ms
    run 42/50: 175 req  175 cancelled  L1=2ms
    run 43/50: 175 req  175 cancelled  L1=2ms
    run 44/50: 175 req  175 cancelled  L1=1ms
    run 45/50: 175 req  175 cancelled  L1=3ms
    run 46/50: 175 req  175 cancelled  L1=1ms
    run 47/50: 175 req  175 cancelled  L1=1ms
    run 48/50: 175 req  175 cancelled  L1=3ms
    run 49/50: 175 req  175 cancelled  L1=4ms
    run 50/50: 175 req  175 cancelled  L1=1ms
  → rate=1.0  written to e1f_webflux_be.csv
── immediate (probe; expect detection blackout at ALL N, incl. N=1) ──
  [gate] waiting for quiet… load=3.65 (0s)
  [gate] quiet (load=0.30) — running cell
=== imm N=1 ===
reactor_scheduler=immediate yield_interval_ms=100

E1a | mode=webflux-sched | N=1 | T=1 | K=100ms | C=1
scenario=cpu | cancel_after=5.0s | runs=20
frameworks: ['webflux']
────────────────────────────────────────────────────────────
  webflux | cpu | N=1 | T=1 | K=100ms
    run 1/20: 1 req  0 cancelled  L1=n/a
    run 2/20: 1 req  0 cancelled  L1=n/a
    run 3/20: 1 req  0 cancelled  L1=n/a
    run 4/20: 1 req  0 cancelled  L1=n/a
    run 5/20: 1 req  0 cancelled  L1=n/a
    run 6/20: 1 req  0 cancelled  L1=n/a
    run 7/20: 1 req  0 cancelled  L1=n/a
    run 8/20: 1 req  0 cancelled  L1=n/a
    run 9/20: 1 req  0 cancelled  L1=n/a
    run 10/20: 1 req  0 cancelled  L1=n/a
    run 11/20: 1 req  0 cancelled  L1=n/a
    run 12/20: 1 req  0 cancelled  L1=n/a
    run 13/20: 1 req  0 cancelled  L1=n/a
    run 14/20: 1 req  0 cancelled  L1=n/a
    run 15/20: 1 req  0 cancelled  L1=n/a
    run 16/20: 1 req  0 cancelled  L1=n/a
    run 17/20: 1 req  0 cancelled  L1=n/a
    run 18/20: 1 req  0 cancelled  L1=n/a
    run 19/20: 1 req  0 cancelled  L1=n/a
    run 20/20: 1 req  0 cancelled  L1=n/a
  → rate=0.0  written to e1f_webflux_imm.csv
  [gate] waiting for quiet… load=1.03 (0s)
  [gate] quiet (load=0.35) — running cell
=== imm N=8 ===
reactor_scheduler=immediate yield_interval_ms=100

E1a | mode=webflux-sched | N=8 | T=8 | K=100ms | C=1
scenario=cpu | cancel_after=5.0s | runs=20
frameworks: ['webflux']
────────────────────────────────────────────────────────────
  webflux | cpu | N=8 | T=8 | K=100ms
    run 1/20: 4 req  0 cancelled  L1=n/a
    run 2/20: 4 req  0 cancelled  L1=n/a
    run 3/20: 4 req  0 cancelled  L1=n/a
    run 4/20: 4 req  0 cancelled  L1=n/a
    run 5/20: 4 req  0 cancelled  L1=n/a
    run 6/20: 4 req  0 cancelled  L1=n/a
    run 7/20: 4 req  0 cancelled  L1=n/a
    run 8/20: 4 req  0 cancelled  L1=n/a
    run 9/20: 4 req  0 cancelled  L1=n/a
    run 10/20: 4 req  0 cancelled  L1=n/a
    run 11/20: 4 req  0 cancelled  L1=n/a
    run 12/20: 4 req  0 cancelled  L1=n/a
    run 13/20: 4 req  0 cancelled  L1=n/a
    run 14/20: 0 req  0 cancelled  L1=n/a
    run 15/20: 0 req  0 cancelled  L1=n/a
    run 16/20: 0 req  0 cancelled  L1=n/a
    run 17/20: 0 req  0 cancelled  L1=n/a
    run 18/20: 0 req  0 cancelled  L1=n/a
    run 19/20: 0 req  0 cancelled  L1=n/a
    run 20/20: 0 req  0 cancelled  L1=n/a
  → rate=0.0  written to e1f_webflux_imm.csv
  [gate] waiting for quiet… load=4.13 (0s)
  [gate] quiet (load=0.35) — running cell
=== imm N=32 ===
reactor_scheduler=immediate yield_interval_ms=100

E1a | mode=webflux-sched | N=32 | T=32 | K=100ms | C=1
scenario=cpu | cancel_after=5.0s | runs=20
frameworks: ['webflux']
────────────────────────────────────────────────────────────
  webflux | cpu | N=32 | T=32 | K=100ms
    run 1/20: 4 req  0 cancelled  L1=n/a
    run 2/20: 4 req  0 cancelled  L1=n/a
    run 3/20: 4 req  0 cancelled  L1=n/a
    run 4/20: 4 req  0 cancelled  L1=n/a
    run 5/20: 4 req  0 cancelled  L1=n/a
    run 6/20: 4 req  0 cancelled  L1=n/a
    run 7/20: 4 req  0 cancelled  L1=n/a
    run 8/20: 4 req  0 cancelled  L1=n/a
    run 9/20: 4 req  0 cancelled  L1=n/a
    run 10/20: 4 req  0 cancelled  L1=n/a
    run 11/20: 4 req  0 cancelled  L1=n/a
    run 12/20: 4 req  0 cancelled  L1=n/a
    run 13/20: 4 req  0 cancelled  L1=n/a
    run 14/20: 4 req  0 cancelled  L1=n/a
    run 15/20: 4 req  0 cancelled  L1=n/a
    run 16/20: 0 req  0 cancelled  L1=n/a
    run 17/20: 0 req  0 cancelled  L1=n/a
    run 18/20: 0 req  0 cancelled  L1=n/a
    run 19/20: 0 req  0 cancelled  L1=n/a
    run 20/20: 0 req  0 cancelled  L1=n/a
  → rate=0.0  written to e1f_webflux_imm.csv

════════════════════════════════════════════════════════════════════
E1a webflux-sched complete. Analyse:
  conda activate thesis-stats && python /home/tudor/dev/request-cancellation-research/tests/sq1/e1a_analyse.py
── webflux-sched finished rc=0 (Wed  3 Jun 12:32:15 CEST 2026) ──

════════════════════════════════════════════════════════════════════
QUEUE: noinject  (Wed  3 Jun 12:32:16 CEST 2026)
════════════════════════════════════════════════════════════════════
Logging to: /home/tudor/dev/request-cancellation-research/experiments/sq1/e1a/logs/noinject_20260603_123217.log
Started at: Wed  3 Jun 12:32:17 CEST 2026

▶ A4 no-injection K-sweep (C=1, THREAD_POOL_MIN=MAX=N)
── K=100ms (clean c=1.0 prediction N_safe ≈ 100; cliff sits above it) ──
  [gate] waiting for quiet… load=3.90 (0s)
  [gate] quiet (load=0.32) — running cell
=== noinject K=100 N=110 ===
threadpool min_worker=110 max_worker=110 logical_cpus=1
yield_interval_ms=100

E1a | mode=noinject | N=110 | T=110 | K=100ms | C=1
scenario=cpu | cancel_after=5.0s | runs=50
frameworks: ['aspnet']
────────────────────────────────────────────────────────────
  aspnet | cpu | N=110 | T=110 | K=100ms
    run 1/50: 110 req  110 cancelled  L1=19ms
    run 2/50: 110 req  110 cancelled  L1=9ms
    run 3/50: 110 req  110 cancelled  L1=8ms
    run 4/50: 110 req  110 cancelled  L1=7ms
    run 5/50: 110 req  110 cancelled  L1=8ms
    run 6/50: 110 req  110 cancelled  L1=10ms
    run 7/50: 110 req  110 cancelled  L1=9ms
    run 8/50: 110 req  110 cancelled  L1=74ms
    run 9/50: 110 req  110 cancelled  L1=43ms
    run 10/50: 110 req  110 cancelled  L1=8ms
    run 11/50: 110 req  110 cancelled  L1=41ms
    run 12/50: 110 req  110 cancelled  L1=9ms
    run 13/50: 110 req  110 cancelled  L1=16ms
    run 14/50: 110 req  110 cancelled  L1=8ms
    run 15/50: 110 req  110 cancelled  L1=10ms
    run 16/50: 110 req  110 cancelled  L1=64ms
    run 17/50: 110 req  110 cancelled  L1=10ms
    run 18/50: 110 req  110 cancelled  L1=9ms
    run 19/50: 110 req  110 cancelled  L1=10ms
    run 20/50: 110 req  110 cancelled  L1=8ms
    run 21/50: 110 req  110 cancelled  L1=63ms
    run 22/50: 110 req  110 cancelled  L1=8ms
    run 23/50: 110 req  110 cancelled  L1=8ms
    run 24/50: 110 req  110 cancelled  L1=8ms
    run 25/50: 110 req  110 cancelled  L1=9ms
    run 26/50: 110 req  110 cancelled  L1=26ms
    run 27/50: 110 req  110 cancelled  L1=8ms
    run 28/50: 110 req  110 cancelled  L1=8ms
    run 29/50: 110 req  110 cancelled  L1=58ms
    run 30/50: 110 req  110 cancelled  L1=6ms
    run 31/50: 110 req  110 cancelled  L1=9ms
    run 32/50: 110 req  110 cancelled  L1=85ms
    run 33/50: 110 req  110 cancelled  L1=8ms
    run 34/50: 110 req  110 cancelled  L1=9ms
    run 35/50: 110 req  110 cancelled  L1=9ms
    run 36/50: 110 req  110 cancelled  L1=9ms
    run 37/50: 110 req  110 cancelled  L1=9ms
    run 38/50: 110 req  110 cancelled  L1=8ms
    run 39/50: 110 req  110 cancelled  L1=8ms
    run 40/50: 110 req  110 cancelled  L1=29ms
    run 41/50: 110 req  110 cancelled  L1=42ms
    run 42/50: 110 req  110 cancelled  L1=9ms
    run 43/50: 110 req  110 cancelled  L1=6ms
    run 44/50: 110 req  110 cancelled  L1=38ms
    run 45/50: 110 req  110 cancelled  L1=8ms
    run 46/50: 110 req  110 cancelled  L1=8ms
    run 47/50: 110 req  110 cancelled  L1=7ms
    run 48/50: 110 req  110 cancelled  L1=8ms
    run 49/50: 110 req  110 cancelled  L1=9ms
    run 50/50: 110 req  110 cancelled  L1=6ms
  → rate=1.0  written to e1a_noinject_K100.csv
  [gate] waiting for quiet… load=28.38 (0s)
  [gate] quiet (load=0.31) — running cell
=== noinject K=100 N=130 ===
threadpool min_worker=130 max_worker=130 logical_cpus=1
yield_interval_ms=100

E1a | mode=noinject | N=130 | T=130 | K=100ms | C=1
scenario=cpu | cancel_after=5.0s | runs=50
frameworks: ['aspnet']
────────────────────────────────────────────────────────────
  aspnet | cpu | N=130 | T=130 | K=100ms
    run 1/50: 130 req  130 cancelled  L1=14ms
    run 2/50: 130 req  130 cancelled  L1=117ms
    run 3/50: 130 req  130 cancelled  L1=33ms
    run 4/50: 130 req  130 cancelled  L1=9ms
    run 5/50: 130 req  130 cancelled  L1=10ms
    run 6/50: 130 req  130 cancelled  L1=9ms
    run 7/50: 130 req  130 cancelled  L1=8ms
    run 8/50: 130 req  130 cancelled  L1=8ms
    run 9/50: 130 req  130 cancelled  L1=8ms
    run 10/50: 130 req  130 cancelled  L1=120ms
    run 11/50: 130 req  130 cancelled  L1=22ms
    run 12/50: 130 req  130 cancelled  L1=8ms
    run 13/50: 130 req  130 cancelled  L1=9ms
    run 14/50: 130 req  130 cancelled  L1=12ms
    run 15/50: 130 req  130 cancelled  L1=8ms
    run 16/50: 130 req  130 cancelled  L1=9ms
    run 17/50: 130 req  130 cancelled  L1=142ms
    run 18/50: 130 req  130 cancelled  L1=51ms
    run 19/50: 130 req  130 cancelled  L1=7ms
    run 20/50: 130 req  130 cancelled  L1=8ms
    run 21/50: 130 req  130 cancelled  L1=10ms
    run 22/50: 130 req  130 cancelled  L1=9ms
    run 23/50: 130 req  130 cancelled  L1=8ms
    run 24/50: 130 req  130 cancelled  L1=9ms
    run 25/50: 130 req  130 cancelled  L1=15ms
    run 26/50: 130 req  130 cancelled  L1=9ms
    run 27/50: 130 req  130 cancelled  L1=38ms
    run 28/50: 130 req  130 cancelled  L1=9ms
    run 29/50: 130 req  130 cancelled  L1=9ms
    run 30/50: 130 req  130 cancelled  L1=8ms
    run 31/50: 130 req  130 cancelled  L1=10ms
    run 32/50: 130 req  130 cancelled  L1=207ms
    run 33/50: 130 req  130 cancelled  L1=34ms
    run 34/50: 130 req  130 cancelled  L1=9ms
    run 35/50: 130 req  130 cancelled  L1=10ms
    run 36/50: 130 req  130 cancelled  L1=9ms
    run 37/50: 130 req  130 cancelled  L1=8ms
    run 38/50: 130 req  130 cancelled  L1=44ms
    run 39/50: 130 req  130 cancelled  L1=10ms
    run 40/50: 130 req  130 cancelled  L1=8ms
    run 41/50: 130 req  130 cancelled  L1=103ms
    run 42/50: 130 req  130 cancelled  L1=9ms
    run 43/50: 130 req  130 cancelled  L1=11ms
    run 44/50: 130 req  130 cancelled  L1=42ms
    run 45/50: 130 req  130 cancelled  L1=8ms
    run 46/50: 130 req  130 cancelled  L1=8ms
    run 47/50: 130 req  130 cancelled  L1=32ms
    run 48/50: 130 req  130 cancelled  L1=21ms
    run 49/50: 130 req  130 cancelled  L1=8ms
    run 50/50: 130 req  130 cancelled  L1=30ms
  → rate=1.0  written to e1a_noinject_K100.csv
  [gate] waiting for quiet… load=24.49 (0s)
  [gate] quiet (load=0.27) — running cell
=== noinject K=100 N=150 ===
threadpool min_worker=150 max_worker=150 logical_cpus=1
yield_interval_ms=100

E1a | mode=noinject | N=150 | T=150 | K=100ms | C=1
scenario=cpu | cancel_after=5.0s | runs=50
frameworks: ['aspnet']
────────────────────────────────────────────────────────────
  aspnet | cpu | N=150 | T=150 | K=100ms
    run 1/50: 150 req  150 cancelled  L1=15ms
    run 2/50: 150 req  150 cancelled  L1=260ms
    run 3/50: 150 req  150 cancelled  L1=180ms
    run 4/50: 150 req  150 cancelled  L1=110ms
    run 5/50: 150 req  150 cancelled  L1=76ms
    run 6/50: 150 req  150 cancelled  L1=63ms
    run 7/50: 150 req  150 cancelled  L1=274ms
    run 8/50: 150 req  150 cancelled  L1=174ms
    run 9/50: 150 req  150 cancelled  L1=125ms
    run 10/50: 150 req  150 cancelled  L1=292ms
    run 11/50: 150 req  150 cancelled  L1=215ms
    run 12/50: 150 req  150 cancelled  L1=171ms
    run 13/50: 150 req  150 cancelled  L1=122ms
    run 14/50: 150 req  150 cancelled  L1=247ms
    run 15/50: 150 req  150 cancelled  L1=154ms
    run 16/50: 150 req  150 cancelled  L1=128ms
    run 17/50: 150 req  150 cancelled  L1=134ms
    run 18/50: 150 req  150 cancelled  L1=104ms
    run 19/50: 150 req  150 cancelled  L1=95ms
    run 20/50: 150 req  150 cancelled  L1=84ms
    run 21/50: 150 req  150 cancelled  L1=174ms
    run 22/50: 150 req  150 cancelled  L1=95ms
    run 23/50: 150 req  150 cancelled  L1=66ms
    run 24/50: 150 req  150 cancelled  L1=236ms
    run 25/50: 150 req  150 cancelled  L1=166ms
    run 26/50: 150 req  150 cancelled  L1=9ms
    run 27/50: 150 req  150 cancelled  L1=25ms
    run 28/50: 150 req  150 cancelled  L1=280ms
    run 29/50: 150 req  150 cancelled  L1=180ms
    run 30/50: 150 req  150 cancelled  L1=110ms
    run 31/50: 150 req  150 cancelled  L1=216ms
    run 32/50: 150 req  150 cancelled  L1=137ms
    run 33/50: 150 req  150 cancelled  L1=123ms
    run 34/50: 150 req  150 cancelled  L1=95ms
    run 35/50: 150 req  150 cancelled  L1=72ms
    run 36/50: 150 req  150 cancelled  L1=237ms
    run 37/50: 150 req  150 cancelled  L1=130ms
    run 38/50: 150 req  150 cancelled  L1=138ms
    run 39/50: 150 req  150 cancelled  L1=170ms
    run 40/50: 150 req  150 cancelled  L1=9ms
    run 41/50: 150 req  150 cancelled  L1=264ms
    run 42/50: 150 req  150 cancelled  L1=152ms
    run 43/50: 150 req  150 cancelled  L1=142ms
    run 44/50: 150 req  150 cancelled  L1=25ms
    run 45/50: 150 req  150 cancelled  L1=115ms
    run 46/50: 150 req  150 cancelled  L1=9ms
    run 47/50: 150 req  150 cancelled  L1=8ms
    run 48/50: 150 req  150 cancelled  L1=272ms
    run 49/50: 150 req  150 cancelled  L1=68ms
    run 50/50: 150 req  150 cancelled  L1=286ms
  → rate=1.0  written to e1a_noinject_K100.csv
  [gate] waiting for quiet… load=20.41 (0s)
  [gate] quiet (load=0.35) — running cell
=== noinject K=100 N=175 ===
threadpool min_worker=175 max_worker=175 logical_cpus=1
yield_interval_ms=100
