Logging to: /home/tudor/dev/request-cancellation-research/experiments/sq1/e1a/logs/k-dense_20260513_092015.log
Started at: Wed May 13 09:20:15 AM CEST 2026

Pre-flight: 0.11, 0.88, 0.95
✓ load OK
▶ E1a k-dense (K=200ms, 50 runs/cell, N=[45 50 55 60 65 70 75 80 85 90])
=== k-dense K=200 N=45 ===
threadpool min_worker=1 max_worker=45 logical_cpus=1
yield_interval_ms=200
cpu_duration_s=15

E1a | mode=k-dense | N=45 | T=45 | K=200ms | C=1
scenario=cpu | cancel_after=5.0s | runs=50
frameworks: ['aspnet']
────────────────────────────────────────────────────────────
  aspnet | cpu | N=45 | T=45 | K=200ms
    run 1/50: 45 req  45 cancelled  L1=595ms
    run 2/50: 45 req  45 cancelled  L1=596ms
    run 3/50: 45 req  45 cancelled  L1=533ms
    run 4/50: 45 req  45 cancelled  L1=480ms
    run 5/50: 45 req  45 cancelled  L1=513ms
    run 6/50: 45 req  45 cancelled  L1=478ms
    run 7/50: 45 req  45 cancelled  L1=493ms
    run 8/50: 45 req  45 cancelled  L1=456ms
    run 9/50: 45 req  45 cancelled  L1=437ms
    run 10/50: 45 req  45 cancelled  L1=427ms
    run 11/50: 45 req  45 cancelled  L1=822ms
    run 12/50: 45 req  45 cancelled  L1=449ms
    run 13/50: 45 req  45 cancelled  L1=454ms
    run 14/50: 45 req  45 cancelled  L1=572ms
    run 15/50: 45 req  45 cancelled  L1=583ms
    run 16/50: 45 req  45 cancelled  L1=496ms
    run 17/50: 45 req  45 cancelled  L1=458ms
    run 18/50: 45 req  45 cancelled  L1=1607ms
    run 19/50: 45 req  45 cancelled  L1=438ms
    run 20/50: 45 req  45 cancelled  L1=432ms
    run 21/50: 45 req  45 cancelled  L1=451ms
    run 22/50: 45 req  45 cancelled  L1=450ms
    run 23/50: 45 req  45 cancelled  L1=450ms
    run 24/50: 45 req  45 cancelled  L1=433ms
    run 25/50: 45 req  45 cancelled  L1=430ms
    run 26/50: 45 req  45 cancelled  L1=453ms
    run 27/50: 45 req  45 cancelled  L1=559ms
    run 28/50: 45 req  45 cancelled  L1=473ms
    run 29/50: 45 req  45 cancelled  L1=441ms
    run 30/50: 45 req  45 cancelled  L1=1020ms
    run 31/50: 45 req  45 cancelled  L1=420ms
    run 32/50: 45 req  45 cancelled  L1=426ms
    run 33/50: 45 req  45 cancelled  L1=446ms
    run 34/50: 45 req  45 cancelled  L1=577ms
    run 35/50: 45 req  45 cancelled  L1=495ms
    run 36/50: 45 req  45 cancelled  L1=581ms
    run 37/50: 45 req  45 cancelled  L1=584ms
    run 38/50: 45 req  45 cancelled  L1=566ms
    run 39/50: 45 req  45 cancelled  L1=587ms
    run 40/50: 45 req  45 cancelled  L1=594ms
    run 41/50: 45 req  45 cancelled  L1=561ms
    run 42/50: 45 req  45 cancelled  L1=502ms
    run 43/50: 45 req  45 cancelled  L1=566ms
    run 44/50: 45 req  45 cancelled  L1=585ms
    run 45/50: 45 req  45 cancelled  L1=560ms
    run 46/50: 45 req  45 cancelled  L1=546ms
    run 47/50: 45 req  45 cancelled  L1=552ms
    run 48/50: 45 req  45 cancelled  L1=518ms
    run 49/50: 45 req  45 cancelled  L1=490ms
    run 50/50: 45 req  45 cancelled  L1=502ms
  → rate=1.0  written to e1a_cliff_K_dense.csv
=== k-dense K=200 N=50 ===
threadpool min_worker=1 max_worker=50 logical_cpus=1
yield_interval_ms=200
cpu_duration_s=15

E1a | mode=k-dense | N=50 | T=50 | K=200ms | C=1
scenario=cpu | cancel_after=5.0s | runs=50
frameworks: ['aspnet']
────────────────────────────────────────────────────────────
  aspnet | cpu | N=50 | T=50 | K=200ms
    run 1/50: 50 req  50 cancelled  L1=571ms
    run 2/50: 50 req  50 cancelled  L1=520ms
    run 3/50: 50 req  50 cancelled  L1=445ms
    run 4/50: 50 req  50 cancelled  L1=456ms
    run 5/50: 50 req  50 cancelled  L1=493ms
    run 6/50: 50 req  50 cancelled  L1=445ms
    run 7/50: 50 req  50 cancelled  L1=636ms
    run 8/50: 50 req  50 cancelled  L1=451ms
    run 9/50: 50 req  50 cancelled  L1=467ms
    run 10/50: 50 req  50 cancelled  L1=515ms
    run 11/50: 50 req  50 cancelled  L1=557ms
    run 12/50: 50 req  50 cancelled  L1=548ms
    run 13/50: 50 req  50 cancelled  L1=541ms
    run 14/50: 50 req  50 cancelled  L1=509ms
    run 15/50: 50 req  50 cancelled  L1=358ms
    run 16/50: 50 req  50 cancelled  L1=440ms
    run 17/50: 50 req  50 cancelled  L1=590ms
    run 18/50: 50 req  50 cancelled  L1=533ms
    run 19/50: 50 req  50 cancelled  L1=534ms
    run 20/50: 50 req  50 cancelled  L1=551ms
    run 21/50: 50 req  50 cancelled  L1=507ms
    run 22/50: 50 req  50 cancelled  L1=1019ms
    run 23/50: 50 req  50 cancelled  L1=577ms
    run 24/50: 50 req  50 cancelled  L1=575ms
    run 25/50: 50 req  50 cancelled  L1=520ms
    run 26/50: 50 req  0 cancelled  L1=n/a
    run 27/50: 50 req  50 cancelled  L1=1422ms
    run 28/50: 50 req  50 cancelled  L1=1627ms
    run 29/50: 50 req  50 cancelled  L1=450ms
    run 30/50: 50 req  50 cancelled  L1=505ms
    run 31/50: 50 req  50 cancelled  L1=548ms
    run 32/50: 50 req  50 cancelled  L1=1036ms
    run 33/50: 50 req  50 cancelled  L1=828ms
    run 34/50: 50 req  50 cancelled  L1=443ms
    run 35/50: 50 req  50 cancelled  L1=526ms
    run 36/50: 50 req  50 cancelled  L1=486ms
    run 37/50: 50 req  50 cancelled  L1=494ms
    run 38/50: 50 req  50 cancelled  L1=490ms
    run 39/50: 50 req  50 cancelled  L1=496ms
    run 40/50: 50 req  50 cancelled  L1=538ms
    run 41/50: 50 req  50 cancelled  L1=486ms
    run 42/50: 50 req  0 cancelled  L1=n/a
    run 43/50: 50 req  50 cancelled  L1=1227ms
    run 44/50: 50 req  50 cancelled  L1=490ms
    run 45/50: 50 req  50 cancelled  L1=441ms
    run 46/50: 50 req  50 cancelled  L1=439ms
    run 47/50: 50 req  50 cancelled  L1=1022ms
    run 48/50: 50 req  50 cancelled  L1=442ms
    run 49/50: 50 req  50 cancelled  L1=561ms
    run 50/50: 50 req  50 cancelled  L1=490ms
  → rate=0.96  written to e1a_cliff_K_dense.csv
=== k-dense K=200 N=55 ===
threadpool min_worker=1 max_worker=55 logical_cpus=1
yield_interval_ms=200
cpu_duration_s=15

E1a | mode=k-dense | N=55 | T=55 | K=200ms | C=1
scenario=cpu | cancel_after=5.0s | runs=50
frameworks: ['aspnet']
────────────────────────────────────────────────────────────
  aspnet | cpu | N=55 | T=55 | K=200ms
    run 1/50: 55 req  55 cancelled  L1=597ms
    run 2/50: 55 req  55 cancelled  L1=518ms
    run 3/50: 55 req  55 cancelled  L1=531ms
    run 4/50: 55 req  55 cancelled  L1=489ms
    run 5/50: 55 req  55 cancelled  L1=469ms
    run 6/50: 55 req  55 cancelled  L1=480ms
    run 7/50: 55 req  55 cancelled  L1=459ms
    run 8/50: 55 req  55 cancelled  L1=556ms
    run 9/50: 55 req  55 cancelled  L1=485ms
    run 10/50: 55 req  55 cancelled  L1=485ms
    run 11/50: 55 req  55 cancelled  L1=474ms
    run 12/50: 55 req  55 cancelled  L1=522ms
    run 13/50: 55 req  55 cancelled  L1=595ms
    run 14/50: 55 req  55 cancelled  L1=549ms
    run 15/50: 55 req  55 cancelled  L1=480ms
    run 16/50: 55 req  55 cancelled  L1=492ms
    run 17/50: 55 req  55 cancelled  L1=500ms
    run 18/50: 55 req  55 cancelled  L1=558ms
    run 19/50: 55 req  0 cancelled  L1=n/a
    run 20/50: 51 req  0 cancelled  L1=n/a
    run 21/50: 55 req  0 cancelled  L1=n/a
    run 22/50: 55 req  55 cancelled  L1=563ms
    run 23/50: 52 req  0 cancelled  L1=n/a
    run 24/50: 51 req  0 cancelled  L1=n/a
    run 25/50: 55 req  55 cancelled  L1=1032ms
    run 26/50: 55 req  55 cancelled  L1=550ms
    run 27/50: 55 req  55 cancelled  L1=502ms
    run 28/50: 55 req  55 cancelled  L1=449ms
    run 29/50: 55 req  55 cancelled  L1=526ms
    run 30/50: 55 req  55 cancelled  L1=590ms
    run 31/50: 55 req  55 cancelled  L1=569ms
    run 32/50: 55 req  55 cancelled  L1=458ms
    run 33/50: 52 req  0 cancelled  L1=n/a
    run 34/50: 55 req  55 cancelled  L1=1431ms
    run 35/50: 55 req  55 cancelled  L1=589ms
    run 36/50: 55 req  55 cancelled  L1=519ms
    run 37/50: 55 req  55 cancelled  L1=565ms
    run 38/50: 55 req  55 cancelled  L1=531ms
    run 39/50: 55 req  55 cancelled  L1=460ms
    run 40/50: 55 req  55 cancelled  L1=1632ms
    run 41/50: 55 req  55 cancelled  L1=1431ms
    run 42/50: 55 req  55 cancelled  L1=447ms
    run 43/50: 55 req  55 cancelled  L1=515ms
    run 44/50: 55 req  55 cancelled  L1=555ms
    run 45/50: 55 req  55 cancelled  L1=581ms
    run 46/50: 55 req  55 cancelled  L1=585ms
    run 47/50: 55 req  55 cancelled  L1=587ms
    run 48/50: 55 req  55 cancelled  L1=530ms
    run 49/50: 55 req  55 cancelled  L1=450ms
    run 50/50: 55 req  55 cancelled  L1=453ms
  → rate=0.8845  written to e1a_cliff_K_dense.csv
=== k-dense K=200 N=60 ===
threadpool min_worker=1 max_worker=60 logical_cpus=1
yield_interval_ms=200
cpu_duration_s=15

E1a | mode=k-dense | N=60 | T=60 | K=200ms | C=1
scenario=cpu | cancel_after=5.0s | runs=50
frameworks: ['aspnet']
────────────────────────────────────────────────────────────
  aspnet | cpu | N=60 | T=60 | K=200ms
    run 1/50: 60 req  60 cancelled  L1=568ms
    run 2/50: 60 req  60 cancelled  L1=591ms
    run 3/50: 60 req  60 cancelled  L1=553ms
    run 4/50: 60 req  60 cancelled  L1=582ms
    run 5/50: 60 req  60 cancelled  L1=590ms
    run 6/50: 60 req  60 cancelled  L1=1633ms
    run 7/50: 60 req  60 cancelled  L1=651ms
    run 8/50: 60 req  60 cancelled  L1=489ms
    run 9/50: 55 req  0 cancelled  L1=n/a
    run 10/50: 60 req  60 cancelled  L1=840ms
    run 11/50: 60 req  60 cancelled  L1=1044ms
    run 12/50: 60 req  60 cancelled  L1=510ms
    run 13/50: 60 req  60 cancelled  L1=548ms
    run 14/50: 60 req  60 cancelled  L1=522ms
    run 15/50: 60 req  60 cancelled  L1=558ms
    run 16/50: 60 req  60 cancelled  L1=567ms
    run 17/50: 55 req  0 cancelled  L1=n/a
    run 18/50: 50 req  0 cancelled  L1=n/a
    run 19/50: 60 req  60 cancelled  L1=445ms
    run 20/50: 60 req  60 cancelled  L1=539ms
    run 21/50: 60 req  60 cancelled  L1=512ms
    run 22/50: 60 req  60 cancelled  L1=571ms
    run 23/50: 60 req  60 cancelled  L1=548ms
    run 24/50: 53 req  0 cancelled  L1=n/a
    run 25/50: 60 req  0 cancelled  L1=n/a
    run 26/50: 60 req  60 cancelled  L1=458ms
    run 27/50: 50 req  0 cancelled  L1=n/a
    run 28/50: 60 req  60 cancelled  L1=850ms
    run 29/50: 59 req  0 cancelled  L1=n/a
    run 30/50: 60 req  60 cancelled  L1=1042ms
    run 31/50: 60 req  60 cancelled  L1=546ms
    run 32/50: 60 req  60 cancelled  L1=567ms
    run 33/50: 60 req  60 cancelled  L1=585ms
    run 34/50: 60 req  60 cancelled  L1=580ms
    run 35/50: 51 req  0 cancelled  L1=n/a
    run 36/50: 50 req  0 cancelled  L1=n/a
    run 37/50: 49 req  0 cancelled  L1=n/a
    run 38/50: 60 req  60 cancelled  L1=840ms
    run 39/50: 60 req  60 cancelled  L1=453ms
    run 40/50: 60 req  60 cancelled  L1=476ms
    run 41/50: 60 req  60 cancelled  L1=471ms
    run 42/50: 60 req  60 cancelled  L1=846ms
    run 43/50: 60 req  60 cancelled  L1=452ms
    run 44/50: 60 req  60 cancelled  L1=557ms
    run 45/50: 60 req  60 cancelled  L1=499ms
    run 46/50: 60 req  60 cancelled  L1=563ms
    run 47/50: 60 req  60 cancelled  L1=558ms
    run 48/50: 60 req  60 cancelled  L1=513ms
    run 49/50: 60 req  60 cancelled  L1=502ms
    run 50/50: 60 req  60 cancelled  L1=561ms
  → rate=0.8186  written to e1a_cliff_K_dense.csv
=== k-dense K=200 N=65 ===
threadpool min_worker=1 max_worker=65 logical_cpus=1
yield_interval_ms=200
cpu_duration_s=15

E1a | mode=k-dense | N=65 | T=65 | K=200ms | C=1
scenario=cpu | cancel_after=5.0s | runs=50
frameworks: ['aspnet']
────────────────────────────────────────────────────────────
  aspnet | cpu | N=65 | T=65 | K=200ms
    run 1/50: 65 req  65 cancelled  L1=557ms
    run 2/50: 65 req  65 cancelled  L1=588ms
    run 3/50: 65 req  65 cancelled  L1=511ms
    run 4/50: 65 req  65 cancelled  L1=484ms
    run 5/50: 65 req  65 cancelled  L1=457ms
    run 6/50: 65 req  65 cancelled  L1=461ms
    run 7/50: 65 req  65 cancelled  L1=652ms
    run 8/50: 65 req  65 cancelled  L1=496ms
    run 9/50: 65 req  65 cancelled  L1=471ms
    run 10/50: 65 req  65 cancelled  L1=461ms
    run 11/50: 65 req  65 cancelled  L1=479ms
    run 12/50: 65 req  65 cancelled  L1=528ms
    run 13/50: 65 req  65 cancelled  L1=551ms
    run 14/50: 65 req  65 cancelled  L1=478ms
    run 15/50: 65 req  65 cancelled  L1=1059ms
    run 16/50: 65 req  65 cancelled  L1=458ms
    run 17/50: 65 req  65 cancelled  L1=1838ms
    run 18/50: 65 req  65 cancelled  L1=459ms
    run 19/50: 65 req  65 cancelled  L1=485ms
    run 20/50: 65 req  65 cancelled  L1=476ms
    run 21/50: 65 req  65 cancelled  L1=508ms
    run 22/50: 65 req  65 cancelled  L1=520ms
    run 23/50: 65 req  65 cancelled  L1=527ms
    run 24/50: 65 req  65 cancelled  L1=530ms
    run 25/50: 65 req  65 cancelled  L1=532ms
    run 26/50: 65 req  65 cancelled  L1=589ms
    run 27/50: 53 req  0 cancelled  L1=n/a
    run 28/50: 52 req  0 cancelled  L1=n/a
    run 29/50: 62 req  0 cancelled  L1=n/a
    run 30/50: 65 req  65 cancelled  L1=499ms
    run 31/50: 65 req  65 cancelled  L1=564ms
    run 32/50: 65 req  65 cancelled  L1=584ms
    run 33/50: 45 req  0 cancelled  L1=n/a
    run 34/50: 65 req  65 cancelled  L1=648ms
    run 35/50: 65 req  65 cancelled  L1=458ms
    run 36/50: 65 req  65 cancelled  L1=595ms
    run 37/50: 65 req  65 cancelled  L1=858ms
    run 38/50: 62 req  0 cancelled  L1=n/a
    run 39/50: 65 req  65 cancelled  L1=592ms
    run 40/50: 50 req  0 cancelled  L1=n/a
    run 41/50: 54 req  0 cancelled  L1=n/a
    run 42/50: 58 req  0 cancelled  L1=n/a
    run 43/50: 65 req  65 cancelled  L1=479ms
    run 44/50: 65 req  65 cancelled  L1=545ms
    run 45/50: 65 req  65 cancelled  L1=494ms
    run 46/50: 65 req  65 cancelled  L1=544ms
    run 47/50: 65 req  65 cancelled  L1=558ms
    run 48/50: 65 req  65 cancelled  L1=555ms
    run 49/50: 65 req  65 cancelled  L1=579ms
    run 50/50: 65 req  65 cancelled  L1=588ms
  → rate=0.8623  written to e1a_cliff_K_dense.csv
=== k-dense K=200 N=70 ===
threadpool min_worker=1 max_worker=70 logical_cpus=1
yield_interval_ms=200
cpu_duration_s=15

E1a | mode=k-dense | N=70 | T=70 | K=200ms | C=1
scenario=cpu | cancel_after=5.0s | runs=50
frameworks: ['aspnet']
────────────────────────────────────────────────────────────
  aspnet | cpu | N=70 | T=70 | K=200ms
    run 1/50: 70 req  70 cancelled  L1=583ms
    run 2/50: 70 req  70 cancelled  L1=596ms
    run 3/50: 70 req  70 cancelled  L1=540ms
    run 4/50: 70 req  70 cancelled  L1=552ms
    run 5/50: 70 req  70 cancelled  L1=865ms
    run 6/50: 70 req  70 cancelled  L1=479ms
    run 7/50: 70 req  70 cancelled  L1=463ms
    run 8/50: 70 req  70 cancelled  L1=484ms
    run 9/50: 70 req  0 cancelled  L1=n/a
    run 10/50: 70 req  0 cancelled  L1=n/a
    run 11/50: 59 req  0 cancelled  L1=n/a
    run 12/50: 70 req  70 cancelled  L1=651ms
    run 13/50: 70 req  70 cancelled  L1=570ms
    run 14/50: 70 req  70 cancelled  L1=592ms
    run 15/50: 70 req  70 cancelled  L1=593ms
    run 16/50: 70 req  70 cancelled  L1=581ms
    run 17/50: 70 req  70 cancelled  L1=591ms
    run 18/50: 70 req  70 cancelled  L1=590ms
    run 19/50: 70 req  70 cancelled  L1=591ms
    run 20/50: 49 req  0 cancelled  L1=n/a
    run 21/50: 51 req  0 cancelled  L1=n/a
    run 22/50: 70 req  70 cancelled  L1=1052ms
    run 23/50: 70 req  70 cancelled  L1=489ms
    run 24/50: 70 req  70 cancelled  L1=579ms
    run 25/50: 61 req  0 cancelled  L1=n/a
    run 26/50: 70 req  0 cancelled  L1=n/a
    run 27/50: 70 req  70 cancelled  L1=655ms
    run 28/50: 70 req  70 cancelled  L1=508ms
    run 29/50: 70 req  70 cancelled  L1=549ms
    run 30/50: 70 req  70 cancelled  L1=526ms
    run 31/50: 70 req  70 cancelled  L1=553ms
    run 32/50: 70 req  70 cancelled  L1=591ms
    run 33/50: 70 req  70 cancelled  L1=561ms
    run 34/50: 70 req  70 cancelled  L1=592ms
    run 35/50: 70 req  70 cancelled  L1=591ms
    run 36/50: 70 req  70 cancelled  L1=587ms
    run 37/50: 70 req  70 cancelled  L1=444ms
    run 38/50: 70 req  70 cancelled  L1=483ms
    run 39/50: 70 req  70 cancelled  L1=478ms
    run 40/50: 70 req  70 cancelled  L1=553ms
    run 41/50: 70 req  70 cancelled  L1=543ms
    run 42/50: 70 req  70 cancelled  L1=541ms
    run 43/50: 70 req  70 cancelled  L1=477ms
    run 44/50: 70 req  70 cancelled  L1=557ms
    run 45/50: 70 req  70 cancelled  L1=560ms
    run 46/50: 70 req  70 cancelled  L1=554ms
    run 47/50: 70 req  70 cancelled  L1=576ms
    run 48/50: 70 req  70 cancelled  L1=529ms
    run 49/50: 70 req  70 cancelled  L1=578ms
    run 50/50: 45 req  0 cancelled  L1=n/a
  → rate=0.8609  written to e1a_cliff_K_dense.csv
=== k-dense K=200 N=75 ===
threadpool min_worker=1 max_worker=75 logical_cpus=1
yield_interval_ms=200
cpu_duration_s=15

E1a | mode=k-dense | N=75 | T=75 | K=200ms | C=1
scenario=cpu | cancel_after=5.0s | runs=50
frameworks: ['aspnet']
────────────────────────────────────────────────────────────
  aspnet | cpu | N=75 | T=75 | K=200ms
    run 1/50: 75 req  75 cancelled  L1=573ms
    run 2/50: 75 req  75 cancelled  L1=556ms
    run 3/50: 75 req  75 cancelled  L1=547ms
    run 4/50: 75 req  75 cancelled  L1=552ms
    run 5/50: 75 req  75 cancelled  L1=480ms
    run 6/50: 75 req  75 cancelled  L1=588ms
    run 7/50: 75 req  75 cancelled  L1=552ms
    run 8/50: 75 req  75 cancelled  L1=553ms
    run 9/50: 75 req  75 cancelled  L1=582ms
    run 10/50: 75 req  75 cancelled  L1=557ms
    run 11/50: 75 req  75 cancelled  L1=588ms
    run 12/50: 75 req  75 cancelled  L1=576ms
    run 13/50: 75 req  75 cancelled  L1=589ms
    run 14/50: 75 req  75 cancelled  L1=524ms
    run 15/50: 56 req  0 cancelled  L1=n/a
    run 16/50: 63 req  0 cancelled  L1=n/a
    run 17/50: 75 req  75 cancelled  L1=482ms
    run 18/50: 75 req  75 cancelled  L1=576ms
    run 19/50: 75 req  0 cancelled  L1=n/a
    run 20/50: 69 req  0 cancelled  L1=n/a
    run 21/50: 75 req  75 cancelled  L1=483ms
    run 22/50: 75 req  75 cancelled  L1=562ms
    run 23/50: 75 req  75 cancelled  L1=515ms
    run 24/50: 75 req  75 cancelled  L1=507ms
    run 25/50: 75 req  75 cancelled  L1=591ms
    run 26/50: 75 req  75 cancelled  L1=573ms
    run 27/50: 59 req  0 cancelled  L1=n/a
    run 28/50: 59 req  0 cancelled  L1=n/a
    run 29/50: 75 req  75 cancelled  L1=482ms
    run 30/50: 75 req  0 cancelled  L1=n/a
    run 31/50: 69 req  0 cancelled  L1=n/a
    run 32/50: 75 req  75 cancelled  L1=487ms
    run 33/50: 75 req  75 cancelled  L1=581ms
    run 34/50: 75 req  75 cancelled  L1=572ms
    run 35/50: 75 req  75 cancelled  L1=558ms
    run 36/50: 75 req  75 cancelled  L1=553ms
    run 37/50: 75 req  75 cancelled  L1=556ms
    run 38/50: 75 req  75 cancelled  L1=566ms
    run 39/50: 75 req  75 cancelled  L1=576ms
    run 40/50: 75 req  75 cancelled  L1=564ms
    run 41/50: 75 req  75 cancelled  L1=566ms
    run 42/50: 75 req  75 cancelled  L1=573ms
    run 43/50: 75 req  75 cancelled  L1=588ms
    run 44/50: 75 req  75 cancelled  L1=522ms
    run 45/50: 75 req  75 cancelled  L1=473ms
    run 46/50: 75 req  75 cancelled  L1=565ms
    run 47/50: 75 req  75 cancelled  L1=511ms
    run 48/50: 56 req  0 cancelled  L1=n/a
    run 49/50: 64 req  0 cancelled  L1=n/a
    run 50/50: 61 req  0 cancelled  L1=n/a
  → rate=0.8056  written to e1a_cliff_K_dense.csv
=== k-dense K=200 N=80 ===
threadpool min_worker=1 max_worker=80 logical_cpus=1
yield_interval_ms=200
cpu_duration_s=15

E1a | mode=k-dense | N=80 | T=80 | K=200ms | C=1
scenario=cpu | cancel_after=5.0s | runs=50
frameworks: ['aspnet']
────────────────────────────────────────────────────────────
  aspnet | cpu | N=80 | T=80 | K=200ms
    run 1/50: 80 req  80 cancelled  L1=576ms
    run 2/50: 80 req  80 cancelled  L1=522ms
    run 3/50: 80 req  80 cancelled  L1=547ms
    run 4/50: 80 req  80 cancelled  L1=570ms
    run 5/50: 80 req  80 cancelled  L1=591ms
    run 6/50: 80 req  80 cancelled  L1=563ms
    run 7/50: 80 req  80 cancelled  L1=573ms
    run 8/50: 80 req  80 cancelled  L1=576ms
    run 9/50: 80 req  80 cancelled  L1=574ms
    run 10/50: 80 req  80 cancelled  L1=589ms
    run 11/50: 80 req  80 cancelled  L1=566ms
    run 12/50: 50 req  0 cancelled  L1=n/a
    run 13/50: 69 req  0 cancelled  L1=n/a
    run 14/50: 80 req  0 cancelled  L1=n/a
    run 15/50: 80 req  80 cancelled  L1=570ms
    run 16/50: 80 req  80 cancelled  L1=592ms
    run 17/50: 80 req  80 cancelled  L1=592ms
    run 18/50: 80 req  80 cancelled  L1=515ms
    run 19/50: 63 req  0 cancelled  L1=n/a
    run 20/50: 73 req  0 cancelled  L1=n/a
    run 21/50: 53 req  0 cancelled  L1=n/a
    run 22/50: 79 req  0 cancelled  L1=n/a
    run 23/50: 80 req  80 cancelled  L1=497ms
    run 24/50: 80 req  80 cancelled  L1=593ms
    run 25/50: 80 req  80 cancelled  L1=589ms
    run 26/50: 80 req  80 cancelled  L1=588ms
    run 27/50: 73 req  0 cancelled  L1=n/a
    run 28/50: 79 req  0 cancelled  L1=n/a
    run 29/50: 80 req  80 cancelled  L1=573ms
    run 30/50: 80 req  80 cancelled  L1=1869ms
    run 31/50: 80 req  80 cancelled  L1=1477ms
    run 32/50: 80 req  80 cancelled  L1=1475ms
    run 33/50: 80 req  80 cancelled  L1=578ms
    run 34/50: 80 req  80 cancelled  L1=1466ms
    run 35/50: 80 req  80 cancelled  L1=1470ms
    run 36/50: 80 req  80 cancelled  L1=1470ms
    run 37/50: 80 req  80 cancelled  L1=592ms
    run 38/50: 80 req  80 cancelled  L1=538ms
    run 39/50: 80 req  80 cancelled  L1=544ms
    run 40/50: 67 req  0 cancelled  L1=n/a
    run 41/50: 80 req  80 cancelled  L1=681ms
    run 42/50: 80 req  80 cancelled  L1=674ms
    run 43/50: 80 req  80 cancelled  L1=589ms
    run 44/50: 80 req  80 cancelled  L1=549ms
    run 45/50: 80 req  80 cancelled  L1=580ms
    run 46/50: 80 req  80 cancelled  L1=564ms
    run 47/50: 80 req  80 cancelled  L1=486ms
    run 48/50: 80 req  80 cancelled  L1=480ms
    run 49/50: 80 req  80 cancelled  L1=486ms
    run 50/50: 80 req  80 cancelled  L1=1268ms
  → rate=0.8235  written to e1a_cliff_K_dense.csv
=== k-dense K=200 N=85 ===
threadpool min_worker=1 max_worker=85 logical_cpus=1
yield_interval_ms=200
cpu_duration_s=15

E1a | mode=k-dense | N=85 | T=85 | K=200ms | C=1
scenario=cpu | cancel_after=5.0s | runs=50
frameworks: ['aspnet']
────────────────────────────────────────────────────────────
  aspnet | cpu | N=85 | T=85 | K=200ms
    run 1/50: 85 req  85 cancelled  L1=577ms
    run 2/50: 85 req  85 cancelled  L1=551ms
    run 3/50: 85 req  85 cancelled  L1=577ms
    run 4/50: 85 req  85 cancelled  L1=588ms
    run 5/50: 85 req  85 cancelled  L1=566ms
    run 6/50: 85 req  85 cancelled  L1=590ms
    run 7/50: 85 req  85 cancelled  L1=580ms
    run 8/50: 85 req  85 cancelled  L1=531ms
    run 9/50: 85 req  85 cancelled  L1=527ms
    run 10/50: 85 req  85 cancelled  L1=505ms
    run 11/50: 85 req  0 cancelled  L1=n/a
    run 12/50: 49 req  0 cancelled  L1=n/a
    run 13/50: 52 req  0 cancelled  L1=n/a
    run 14/50: 62 req  0 cancelled  L1=n/a
    run 15/50: 85 req  0 cancelled  L1=n/a
    run 16/50: 85 req  0 cancelled  L1=n/a
    run 17/50: 85 req  85 cancelled  L1=588ms
    run 18/50: 85 req  85 cancelled  L1=598ms
    run 19/50: 85 req  85 cancelled  L1=590ms
    run 20/50: 85 req  85 cancelled  L1=593ms
    run 21/50: 85 req  85 cancelled  L1=581ms
    run 22/50: 85 req  85 cancelled  L1=588ms
    run 23/50: 85 req  85 cancelled  L1=584ms
    run 24/50: 85 req  85 cancelled  L1=574ms
    run 25/50: 85 req  85 cancelled  L1=580ms
    run 26/50: 85 req  85 cancelled  L1=594ms
    run 27/50: 85 req  85 cancelled  L1=589ms
    run 28/50: 85 req  85 cancelled  L1=592ms
    run 29/50: 43 req  0 cancelled  L1=n/a
    run 30/50: 61 req  0 cancelled  L1=n/a
    run 31/50: 85 req  0 cancelled  L1=n/a
    run 32/50: 51 req  0 cancelled  L1=n/a
    run 33/50: 50 req  0 cancelled  L1=n/a
    run 34/50: 85 req  0 cancelled  L1=n/a
    run 35/50: 85 req  85 cancelled  L1=594ms
    run 36/50: 85 req  85 cancelled  L1=576ms
    run 37/50: 85 req  85 cancelled  L1=592ms
    run 38/50: 85 req  85 cancelled  L1=592ms
    run 39/50: 85 req  85 cancelled  L1=566ms
    run 40/50: 85 req  85 cancelled  L1=533ms
    run 41/50: 85 req  85 cancelled  L1=542ms
    run 42/50: 85 req  85 cancelled  L1=533ms
    run 43/50: 85 req  85 cancelled  L1=575ms
    run 44/50: 85 req  85 cancelled  L1=575ms
    run 45/50: 85 req  85 cancelled  L1=593ms
    run 46/50: 85 req  85 cancelled  L1=594ms
    run 47/50: 43 req  0 cancelled  L1=n/a
    run 48/50: 50 req  0 cancelled  L1=n/a
    run 49/50: 62 req  0 cancelled  L1=n/a
    run 50/50: 58 req  0 cancelled  L1=n/a
  → rate=0.7418  written to e1a_cliff_K_dense.csv
=== k-dense K=200 N=90 ===
threadpool min_worker=1 max_worker=90 logical_cpus=1
yield_interval_ms=200
cpu_duration_s=15

E1a | mode=k-dense | N=90 | T=90 | K=200ms | C=1
scenario=cpu | cancel_after=5.0s | runs=50
frameworks: ['aspnet']
────────────────────────────────────────────────────────────
  aspnet | cpu | N=90 | T=90 | K=200ms
    run 1/50: 90 req  90 cancelled  L1=446ms
    run 2/50: 90 req  90 cancelled  L1=595ms
    run 3/50: 90 req  90 cancelled  L1=601ms
    run 4/50: 90 req  90 cancelled  L1=575ms
    run 5/50: 90 req  5 cancelled  L1=1887ms
    run 6/50: 74 req  0 cancelled  L1=n/a
    run 7/50: 87 req  0 cancelled  L1=n/a
    run 8/50: 90 req  90 cancelled  L1=579ms
    run 9/50: 90 req  90 cancelled  L1=585ms
    run 10/50: 90 req  90 cancelled  L1=585ms
    run 11/50: 90 req  90 cancelled  L1=590ms
    run 12/50: 90 req  90 cancelled  L1=585ms
    run 13/50: 90 req  90 cancelled  L1=582ms
    run 14/50: 50 req  0 cancelled  L1=n/a
    run 15/50: 47 req  0 cancelled  L1=n/a
    run 16/50: 90 req  90 cancelled  L1=522ms
    run 17/50: 75 req  0 cancelled  L1=n/a
    run 18/50: 50 req  0 cancelled  L1=n/a
    run 19/50: 90 req  0 cancelled  L1=n/a
    run 20/50: 90 req  90 cancelled  L1=590ms
    run 21/50: 90 req  90 cancelled  L1=595ms
    run 22/50: 48 req  0 cancelled  L1=n/a
    run 23/50: 50 req  0 cancelled  L1=n/a
    run 24/50: 90 req  0 cancelled  L1=n/a
    run 25/50: 90 req  90 cancelled  L1=504ms
    run 26/50: 90 req  90 cancelled  L1=574ms
    run 27/50: 90 req  90 cancelled  L1=579ms
    run 28/50: 90 req  90 cancelled  L1=594ms
    run 29/50: 90 req  90 cancelled  L1=593ms
    run 30/50: 90 req  90 cancelled  L1=581ms
    run 31/50: 90 req  90 cancelled  L1=593ms
    run 32/50: 90 req  90 cancelled  L1=591ms
    run 33/50: 90 req  90 cancelled  L1=592ms
    run 34/50: 90 req  90 cancelled  L1=578ms
    run 35/50: 90 req  90 cancelled  L1=532ms
    run 36/50: 90 req  90 cancelled  L1=594ms
    run 37/50: 90 req  90 cancelled  L1=594ms
    run 38/50: 90 req  90 cancelled  L1=569ms
    run 39/50: 90 req  90 cancelled  L1=581ms
    run 40/50: 90 req  90 cancelled  L1=593ms
    run 41/50: 90 req  90 cancelled  L1=938ms
    run 42/50: 90 req  90 cancelled  L1=1881ms
    run 43/50: 90 req  90 cancelled  L1=590ms
    run 44/50: 90 req  90 cancelled  L1=586ms
    run 45/50: 90 req  90 cancelled  L1=592ms
    run 46/50: 90 req  90 cancelled  L1=573ms
    run 47/50: 90 req  90 cancelled  L1=594ms
    run 48/50: 90 req  90 cancelled  L1=523ms
    run 49/50: 90 req  90 cancelled  L1=1084ms
    run 50/50: 90 req  90 cancelled  L1=551ms
  → rate=0.8249  written to e1a_cliff_K_dense.csv

════════════════════════════════════════════════════════════════════
E1a k-dense complete. Analyse:
  conda activate thesis-stats && python /home/tudor/dev/request-cancellation-research/tests/sq1/e1a_analyse.py
