START Sun May 31 09:43:06 PM CEST 2026  log=/home/tudor/dev/request-cancellation-research/experiments/sq3/logs/e4_refix_20260531_214306.log
=== RUN A: cancel_at=50ms dense ===

E4b transition | aspnet | D=52ms | cancel_at=50ms | runs=50
────────────────────────────────────────────────────────────
  trial 1/50: ghost=0  (cumulative: 0/1)
  trial 2/50: ghost=0  (cumulative: 0/2)
  trial 3/50: ghost=0  (cumulative: 0/3)
  trial 4/50: ghost=0  (cumulative: 0/4)
  trial 5/50: ghost=0  (cumulative: 0/5)
  trial 6/50: ghost=0  (cumulative: 0/6)
  trial 7/50: ghost=0  (cumulative: 0/7)
  trial 8/50: ghost=0  (cumulative: 0/8)
  trial 9/50: ghost=1  (cumulative: 1/9)
  trial 10/50: ghost=0  (cumulative: 1/10)
  trial 11/50: ghost=0  (cumulative: 1/11)
  trial 12/50: ghost=0  (cumulative: 1/12)
  trial 13/50: ghost=0  (cumulative: 1/13)
  trial 14/50: ghost=1  (cumulative: 2/14)
  trial 15/50: ghost=0  (cumulative: 2/15)
  trial 16/50: ghost=1  (cumulative: 3/16)
  trial 17/50: ghost=0  (cumulative: 3/17)
  trial 18/50: ghost=0  (cumulative: 3/18)
  trial 19/50: ghost=0  (cumulative: 3/19)
  trial 20/50: ghost=0  (cumulative: 3/20)
  trial 21/50: ghost=0  (cumulative: 3/21)
  trial 22/50: ghost=0  (cumulative: 3/22)
  trial 23/50: ghost=0  (cumulative: 3/23)
  trial 24/50: ghost=1  (cumulative: 4/24)
  trial 25/50: ghost=0  (cumulative: 4/25)
  trial 26/50: ghost=0  (cumulative: 4/26)
  trial 27/50: ghost=0  (cumulative: 4/27)
  trial 28/50: ghost=0  (cumulative: 4/28)
  trial 29/50: ghost=1  (cumulative: 5/29)
  trial 30/50: ghost=1  (cumulative: 6/30)
  trial 31/50: ghost=1  (cumulative: 7/31)
  trial 32/50: ghost=0  (cumulative: 7/32)
  trial 33/50: ghost=0  (cumulative: 7/33)
  trial 34/50: ghost=0  (cumulative: 7/34)
  trial 35/50: ghost=0  (cumulative: 7/35)
  trial 36/50: ghost=0  (cumulative: 7/36)
  trial 37/50: ghost=0  (cumulative: 7/37)
  trial 38/50: ghost=0  (cumulative: 7/38)
  trial 39/50: ghost=0  (cumulative: 7/39)
  trial 40/50: ghost=0  (cumulative: 7/40)
  trial 41/50: ghost=0  (cumulative: 7/41)
  trial 42/50: ghost=0  (cumulative: 7/42)
  trial 43/50: ghost=0  (cumulative: 7/43)
  trial 44/50: ghost=0  (cumulative: 7/44)
  trial 45/50: ghost=0  (cumulative: 7/45)
  trial 46/50: ghost=0  (cumulative: 7/46)
  trial 47/50: ghost=0  (cumulative: 7/47)
  trial 48/50: ghost=0  (cumulative: 7/48)
  trial 49/50: ghost=0  (cumulative: 7/49)
  trial 50/50: ghost=0  (cumulative: 7/50)

E4b transition | aspnet | D=54ms | cancel_at=50ms | runs=50
────────────────────────────────────────────────────────────
  trial 1/50: ghost=0  (cumulative: 0/1)
  trial 2/50: ghost=0  (cumulative: 0/2)
  trial 3/50: ghost=1  (cumulative: 1/3)
  trial 4/50: ghost=0  (cumulative: 1/4)
  trial 5/50: ghost=1  (cumulative: 2/5)
  trial 6/50: ghost=0  (cumulative: 2/6)
  trial 7/50: ghost=0  (cumulative: 2/7)
  trial 8/50: ghost=0  (cumulative: 2/8)
  trial 9/50: ghost=0  (cumulative: 2/9)
  trial 10/50: ghost=0  (cumulative: 2/10)
  trial 11/50: ghost=1  (cumulative: 3/11)
  trial 12/50: ghost=0  (cumulative: 3/12)
  trial 13/50: ghost=0  (cumulative: 3/13)
  trial 14/50: ghost=0  (cumulative: 3/14)
  trial 15/50: ghost=0  (cumulative: 3/15)
  trial 16/50: ghost=0  (cumulative: 3/16)
  trial 17/50: ghost=0  (cumulative: 3/17)
  trial 18/50: ghost=0  (cumulative: 3/18)
  trial 19/50: ghost=0  (cumulative: 3/19)
  trial 20/50: ghost=0  (cumulative: 3/20)
  trial 21/50: ghost=0  (cumulative: 3/21)
  trial 22/50: ghost=0  (cumulative: 3/22)
  trial 23/50: ghost=0  (cumulative: 3/23)
  trial 24/50: ghost=0  (cumulative: 3/24)
  trial 25/50: ghost=0  (cumulative: 3/25)
  trial 26/50: ghost=0  (cumulative: 3/26)
  trial 27/50: ghost=0  (cumulative: 3/27)
  trial 28/50: ghost=0  (cumulative: 3/28)
  trial 29/50: ghost=0  (cumulative: 3/29)
  trial 30/50: ghost=0  (cumulative: 3/30)
  trial 31/50: ghost=0  (cumulative: 3/31)
  trial 32/50: ghost=0  (cumulative: 3/32)
  trial 33/50: ghost=0  (cumulative: 3/33)
  trial 34/50: ghost=0  (cumulative: 3/34)
  trial 35/50: ghost=0  (cumulative: 3/35)
  trial 36/50: ghost=0  (cumulative: 3/36)
  trial 37/50: ghost=0  (cumulative: 3/37)
  trial 38/50: ghost=0  (cumulative: 3/38)
  trial 39/50: ghost=0  (cumulative: 3/39)
  trial 40/50: ghost=0  (cumulative: 3/40)
  trial 41/50: ghost=0  (cumulative: 3/41)
  trial 42/50: ghost=0  (cumulative: 3/42)
  trial 43/50: ghost=0  (cumulative: 3/43)
  trial 44/50: ghost=0  (cumulative: 3/44)
  trial 45/50: ghost=0  (cumulative: 3/45)
  trial 46/50: ghost=0  (cumulative: 3/46)
  trial 47/50: ghost=0  (cumulative: 3/47)
  trial 48/50: ghost=0  (cumulative: 3/48)
  trial 49/50: ghost=0  (cumulative: 3/49)
  trial 50/50: ghost=0  (cumulative: 3/50)

E4b transition | aspnet | D=60ms | cancel_at=50ms | runs=50
────────────────────────────────────────────────────────────
  trial 1/50: ghost=0  (cumulative: 0/1)
  trial 2/50: ghost=0  (cumulative: 0/2)
  trial 3/50: ghost=0  (cumulative: 0/3)
  trial 4/50: ghost=0  (cumulative: 0/4)
  trial 5/50: ghost=0  (cumulative: 0/5)
  trial 6/50: ghost=0  (cumulative: 0/6)
  trial 7/50: ghost=0  (cumulative: 0/7)
  trial 8/50: ghost=0  (cumulative: 0/8)
  trial 9/50: ghost=0  (cumulative: 0/9)
  trial 10/50: ghost=0  (cumulative: 0/10)
  trial 11/50: ghost=0  (cumulative: 0/11)
  trial 12/50: ghost=0  (cumulative: 0/12)
  trial 13/50: ghost=0  (cumulative: 0/13)
  trial 14/50: ghost=0  (cumulative: 0/14)
  trial 15/50: ghost=0  (cumulative: 0/15)
  trial 16/50: ghost=0  (cumulative: 0/16)
  trial 17/50: ghost=0  (cumulative: 0/17)
  trial 18/50: ghost=0  (cumulative: 0/18)
  trial 19/50: ghost=0  (cumulative: 0/19)
  trial 20/50: ghost=0  (cumulative: 0/20)
  trial 21/50: ghost=0  (cumulative: 0/21)
  trial 22/50: ghost=0  (cumulative: 0/22)
  trial 23/50: ghost=0  (cumulative: 0/23)
  trial 24/50: ghost=0  (cumulative: 0/24)
  trial 25/50: ghost=0  (cumulative: 0/25)
  trial 26/50: ghost=0  (cumulative: 0/26)
  trial 27/50: ghost=0  (cumulative: 0/27)
  trial 28/50: ghost=0  (cumulative: 0/28)
  trial 29/50: ghost=0  (cumulative: 0/29)
  trial 30/50: ghost=0  (cumulative: 0/30)
  trial 31/50: ghost=0  (cumulative: 0/31)
  trial 32/50: ghost=0  (cumulative: 0/32)
  trial 33/50: ghost=0  (cumulative: 0/33)
  trial 34/50: ghost=0  (cumulative: 0/34)
  trial 35/50: ghost=0  (cumulative: 0/35)
  trial 36/50: ghost=0  (cumulative: 0/36)
  trial 37/50: ghost=0  (cumulative: 0/37)
  trial 38/50: ghost=0  (cumulative: 0/38)
  trial 39/50: ghost=0  (cumulative: 0/39)
  trial 40/50: ghost=0  (cumulative: 0/40)
  trial 41/50: ghost=0  (cumulative: 0/41)
  trial 42/50: ghost=0  (cumulative: 0/42)
  trial 43/50: ghost=0  (cumulative: 0/43)
  trial 44/50: ghost=0  (cumulative: 0/44)
  trial 45/50: ghost=0  (cumulative: 0/45)
  trial 46/50: ghost=0  (cumulative: 0/46)
  trial 47/50: ghost=0  (cumulative: 0/47)
  trial 48/50: ghost=0  (cumulative: 0/48)
  trial 49/50: ghost=0  (cumulative: 0/49)
  trial 50/50: ghost=0  (cumulative: 0/50)

E4b transition | aspnet | D=50ms | cancel_at=50ms | runs=50
────────────────────────────────────────────────────────────
  trial 1/50: ghost=1  (cumulative: 1/1)
  trial 2/50: ghost=1  (cumulative: 2/2)
  trial 3/50: ghost=1  (cumulative: 3/3)
  trial 4/50: ghost=1  (cumulative: 4/4)
  trial 5/50: ghost=1  (cumulative: 5/5)
  trial 6/50: ghost=0  (cumulative: 5/6)
  trial 7/50: ghost=1  (cumulative: 6/7)
  trial 8/50: ghost=0  (cumulative: 6/8)
  trial 9/50: ghost=1  (cumulative: 7/9)
  trial 10/50: ghost=1  (cumulative: 8/10)
  trial 11/50: ghost=1  (cumulative: 9/11)
  trial 12/50: ghost=0  (cumulative: 9/12)
  trial 13/50: ghost=1  (cumulative: 10/13)
  trial 14/50: ghost=1  (cumulative: 11/14)
  trial 15/50: ghost=1  (cumulative: 12/15)
  trial 16/50: ghost=1  (cumulative: 13/16)
  trial 17/50: ghost=1  (cumulative: 14/17)
  trial 18/50: ghost=1  (cumulative: 15/18)
  trial 19/50: ghost=1  (cumulative: 16/19)
  trial 20/50: ghost=1  (cumulative: 17/20)
  trial 21/50: ghost=1  (cumulative: 18/21)
  trial 22/50: ghost=1  (cumulative: 19/22)
  trial 23/50: ghost=1  (cumulative: 20/23)
  trial 24/50: ghost=1  (cumulative: 21/24)
  trial 25/50: ghost=1  (cumulative: 22/25)
  trial 26/50: ghost=1  (cumulative: 23/26)
  trial 27/50: ghost=1  (cumulative: 24/27)
  trial 28/50: ghost=1  (cumulative: 25/28)
  trial 29/50: ghost=1  (cumulative: 26/29)
  trial 30/50: ghost=1  (cumulative: 27/30)
  trial 31/50: ghost=1  (cumulative: 28/31)
  trial 32/50: ghost=1  (cumulative: 29/32)
  trial 33/50: ghost=1  (cumulative: 30/33)
  trial 34/50: ghost=1  (cumulative: 31/34)
  trial 35/50: ghost=1  (cumulative: 32/35)
  trial 36/50: ghost=1  (cumulative: 33/36)
  trial 37/50: ghost=1  (cumulative: 34/37)
  trial 38/50: ghost=1  (cumulative: 35/38)
  trial 39/50: ghost=1  (cumulative: 36/39)
  trial 40/50: ghost=1  (cumulative: 37/40)
  trial 41/50: ghost=1  (cumulative: 38/41)
  trial 42/50: ghost=1  (cumulative: 39/42)
  trial 43/50: ghost=1  (cumulative: 40/43)
  trial 44/50: ghost=1  (cumulative: 41/44)
  trial 45/50: ghost=1  (cumulative: 42/45)
  trial 46/50: ghost=1  (cumulative: 43/46)
  trial 47/50: ghost=1  (cumulative: 44/47)
  trial 48/50: ghost=1  (cumulative: 45/48)
  trial 49/50: ghost=1  (cumulative: 46/49)
  trial 50/50: ghost=1  (cumulative: 47/50)

E4b transition | aspnet | D=35ms | cancel_at=50ms | runs=50
────────────────────────────────────────────────────────────
  trial 1/50: ghost=1  (cumulative: 1/1)
  trial 2/50: ghost=1  (cumulative: 2/2)
  trial 3/50: ghost=1  (cumulative: 3/3)
  trial 4/50: ghost=1  (cumulative: 4/4)
  trial 5/50: ghost=1  (cumulative: 5/5)
  trial 6/50: ghost=1  (cumulative: 6/6)
  trial 7/50: ghost=1  (cumulative: 7/7)
  trial 8/50: ghost=1  (cumulative: 8/8)
  trial 9/50: ghost=1  (cumulative: 9/9)
  trial 10/50: ghost=1  (cumulative: 10/10)
  trial 11/50: ghost=1  (cumulative: 11/11)
  trial 12/50: ghost=1  (cumulative: 12/12)
  trial 13/50: ghost=1  (cumulative: 13/13)
  trial 14/50: ghost=1  (cumulative: 14/14)
  trial 15/50: ghost=1  (cumulative: 15/15)
  trial 16/50: ghost=1  (cumulative: 16/16)
  trial 17/50: ghost=1  (cumulative: 17/17)
  trial 18/50: ghost=1  (cumulative: 18/18)
  trial 19/50: ghost=1  (cumulative: 19/19)
  trial 20/50: ghost=1  (cumulative: 20/20)
  trial 21/50: ghost=1  (cumulative: 21/21)
  trial 22/50: ghost=1  (cumulative: 22/22)
  trial 23/50: ghost=1  (cumulative: 23/23)
  trial 24/50: ghost=1  (cumulative: 24/24)
  trial 25/50: ghost=1  (cumulative: 25/25)
  trial 26/50: ghost=1  (cumulative: 26/26)
  trial 27/50: ghost=1  (cumulative: 27/27)
  trial 28/50: ghost=1  (cumulative: 28/28)
  trial 29/50: ghost=1  (cumulative: 29/29)
  trial 30/50: ghost=1  (cumulative: 30/30)
  trial 31/50: ghost=1  (cumulative: 31/31)
  trial 32/50: ghost=1  (cumulative: 32/32)
  trial 33/50: ghost=1  (cumulative: 33/33)
  trial 34/50: ghost=1  (cumulative: 34/34)
  trial 35/50: ghost=1  (cumulative: 35/35)
  trial 36/50: ghost=1  (cumulative: 36/36)
  trial 37/50: ghost=1  (cumulative: 37/37)
  trial 38/50: ghost=1  (cumulative: 38/38)
  trial 39/50: ghost=1  (cumulative: 39/39)
  trial 40/50: ghost=1  (cumulative: 40/40)
  trial 41/50: ghost=1  (cumulative: 41/41)
  trial 42/50: ghost=1  (cumulative: 42/42)
  trial 43/50: ghost=1  (cumulative: 43/43)
  trial 44/50: ghost=1  (cumulative: 44/44)
  trial 45/50: ghost=1  (cumulative: 45/45)
  trial 46/50: ghost=1  (cumulative: 46/46)
  trial 47/50: ghost=1  (cumulative: 47/47)
  trial 48/50: ghost=1  (cumulative: 48/48)
  trial 49/50: ghost=1  (cumulative: 49/49)
  trial 50/50: ghost=1  (cumulative: 50/50)

E4b transition | aspnet | D=48ms | cancel_at=50ms | runs=50
────────────────────────────────────────────────────────────
  trial 1/50: ghost=1  (cumulative: 1/1)
  trial 2/50: ghost=1  (cumulative: 2/2)
  trial 3/50: ghost=1  (cumulative: 3/3)
  trial 4/50: ghost=1  (cumulative: 4/4)
  trial 5/50: ghost=1  (cumulative: 5/5)
  trial 6/50: ghost=1  (cumulative: 6/6)
  trial 7/50: ghost=1  (cumulative: 7/7)
  trial 8/50: ghost=1  (cumulative: 8/8)
  trial 9/50: ghost=1  (cumulative: 9/9)
  trial 10/50: ghost=1  (cumulative: 10/10)
  trial 11/50: ghost=1  (cumulative: 11/11)
  trial 12/50: ghost=0  (cumulative: 11/12)
  trial 13/50: ghost=1  (cumulative: 12/13)
  trial 14/50: ghost=1  (cumulative: 13/14)
  trial 15/50: ghost=1  (cumulative: 14/15)
  trial 16/50: ghost=1  (cumulative: 15/16)
  trial 17/50: ghost=1  (cumulative: 16/17)
  trial 18/50: ghost=1  (cumulative: 17/18)
  trial 19/50: ghost=1  (cumulative: 18/19)
  trial 20/50: ghost=1  (cumulative: 19/20)
  trial 21/50: ghost=1  (cumulative: 20/21)
  trial 22/50: ghost=1  (cumulative: 21/22)
  trial 23/50: ghost=1  (cumulative: 22/23)
  trial 24/50: ghost=1  (cumulative: 23/24)
  trial 25/50: ghost=1  (cumulative: 24/25)
  trial 26/50: ghost=1  (cumulative: 25/26)
  trial 27/50: ghost=1  (cumulative: 26/27)
  trial 28/50: ghost=1  (cumulative: 27/28)
  trial 29/50: ghost=1  (cumulative: 28/29)
  trial 30/50: ghost=1  (cumulative: 29/30)
  trial 31/50: ghost=1  (cumulative: 30/31)
  trial 32/50: ghost=1  (cumulative: 31/32)
  trial 33/50: ghost=1  (cumulative: 32/33)
  trial 34/50: ghost=1  (cumulative: 33/34)
  trial 35/50: ghost=1  (cumulative: 34/35)
  trial 36/50: ghost=1  (cumulative: 35/36)
  trial 37/50: ghost=1  (cumulative: 36/37)
  trial 38/50: ghost=1  (cumulative: 37/38)
  trial 39/50: ghost=1  (cumulative: 38/39)
  trial 40/50: ghost=1  (cumulative: 39/40)
  trial 41/50: ghost=1  (cumulative: 40/41)
  trial 42/50: ghost=1  (cumulative: 41/42)
  trial 43/50: ghost=1  (cumulative: 42/43)
  trial 44/50: ghost=1  (cumulative: 43/44)
  trial 45/50: ghost=1  (cumulative: 44/45)
  trial 46/50: ghost=1  (cumulative: 45/46)
  trial 47/50: ghost=1  (cumulative: 46/47)
  trial 48/50: ghost=1  (cumulative: 47/48)
  trial 49/50: ghost=1  (cumulative: 48/49)
  trial 50/50: ghost=1  (cumulative: 49/50)

E4b transition | aspnet | D=62ms | cancel_at=50ms | runs=50
────────────────────────────────────────────────────────────
  trial 1/50: ghost=0  (cumulative: 0/1)
  trial 2/50: ghost=0  (cumulative: 0/2)
  trial 3/50: ghost=0  (cumulative: 0/3)
  trial 4/50: ghost=0  (cumulative: 0/4)
  trial 5/50: ghost=0  (cumulative: 0/5)
  trial 6/50: ghost=0  (cumulative: 0/6)
  trial 7/50: ghost=0  (cumulative: 0/7)
  trial 8/50: ghost=0  (cumulative: 0/8)
  trial 9/50: ghost=0  (cumulative: 0/9)
  trial 10/50: ghost=0  (cumulative: 0/10)
  trial 11/50: ghost=0  (cumulative: 0/11)
  trial 12/50: ghost=0  (cumulative: 0/12)
  trial 13/50: ghost=0  (cumulative: 0/13)
  trial 14/50: ghost=0  (cumulative: 0/14)
  trial 15/50: ghost=0  (cumulative: 0/15)
  trial 16/50: ghost=0  (cumulative: 0/16)
  trial 17/50: ghost=0  (cumulative: 0/17)
  trial 18/50: ghost=0  (cumulative: 0/18)
  trial 19/50: ghost=0  (cumulative: 0/19)
  trial 20/50: ghost=0  (cumulative: 0/20)
  trial 21/50: ghost=0  (cumulative: 0/21)
  trial 22/50: ghost=0  (cumulative: 0/22)
  trial 23/50: ghost=0  (cumulative: 0/23)
  trial 24/50: ghost=0  (cumulative: 0/24)
  trial 25/50: ghost=0  (cumulative: 0/25)
  trial 26/50: ghost=0  (cumulative: 0/26)
  trial 27/50: ghost=0  (cumulative: 0/27)
  trial 28/50: ghost=0  (cumulative: 0/28)
  trial 29/50: ghost=0  (cumulative: 0/29)
  trial 30/50: ghost=0  (cumulative: 0/30)
  trial 31/50: ghost=0  (cumulative: 0/31)
  trial 32/50: ghost=0  (cumulative: 0/32)
  trial 33/50: ghost=0  (cumulative: 0/33)
  trial 34/50: ghost=0  (cumulative: 0/34)
  trial 35/50: ghost=0  (cumulative: 0/35)
  trial 36/50: ghost=0  (cumulative: 0/36)
  trial 37/50: ghost=0  (cumulative: 0/37)
  trial 38/50: ghost=0  (cumulative: 0/38)
  trial 39/50: ghost=0  (cumulative: 0/39)
  trial 40/50: ghost=0  (cumulative: 0/40)
  trial 41/50: ghost=0  (cumulative: 0/41)
  trial 42/50: ghost=0  (cumulative: 0/42)
  trial 43/50: ghost=0  (cumulative: 0/43)
  trial 44/50: ghost=0  (cumulative: 0/44)
  trial 45/50: ghost=0  (cumulative: 0/45)
  trial 46/50: ghost=0  (cumulative: 0/46)
  trial 47/50: ghost=0  (cumulative: 0/47)
  trial 48/50: ghost=0  (cumulative: 0/48)
  trial 49/50: ghost=0  (cumulative: 0/49)
  trial 50/50: ghost=0  (cumulative: 0/50)

E4b transition | aspnet | D=56ms | cancel_at=50ms | runs=50
────────────────────────────────────────────────────────────
  trial 1/50: ghost=0  (cumulative: 0/1)
  trial 2/50: ghost=0  (cumulative: 0/2)
  trial 3/50: ghost=0  (cumulative: 0/3)
  trial 4/50: ghost=0  (cumulative: 0/4)
  trial 5/50: ghost=0  (cumulative: 0/5)
  trial 6/50: ghost=0  (cumulative: 0/6)
  trial 7/50: ghost=0  (cumulative: 0/7)
  trial 8/50: ghost=0  (cumulative: 0/8)
  trial 9/50: ghost=0  (cumulative: 0/9)
  trial 10/50: ghost=0  (cumulative: 0/10)
  trial 11/50: ghost=0  (cumulative: 0/11)
  trial 12/50: ghost=0  (cumulative: 0/12)
  trial 13/50: ghost=0  (cumulative: 0/13)
  trial 14/50: ghost=0  (cumulative: 0/14)
  trial 15/50: ghost=0  (cumulative: 0/15)
  trial 16/50: ghost=0  (cumulative: 0/16)
  trial 17/50: ghost=0  (cumulative: 0/17)
  trial 18/50: ghost=0  (cumulative: 0/18)
  trial 19/50: ghost=0  (cumulative: 0/19)
  trial 20/50: ghost=0  (cumulative: 0/20)
  trial 21/50: ghost=0  (cumulative: 0/21)
  trial 22/50: ghost=0  (cumulative: 0/22)
  trial 23/50: ghost=0  (cumulative: 0/23)
  trial 24/50: ghost=0  (cumulative: 0/24)
  trial 25/50: ghost=0  (cumulative: 0/25)
  trial 26/50: ghost=0  (cumulative: 0/26)
  trial 27/50: ghost=0  (cumulative: 0/27)
  trial 28/50: ghost=0  (cumulative: 0/28)
  trial 29/50: ghost=0  (cumulative: 0/29)
  trial 30/50: ghost=0  (cumulative: 0/30)
  trial 31/50: ghost=0  (cumulative: 0/31)
  trial 32/50: ghost=0  (cumulative: 0/32)
  trial 33/50: ghost=0  (cumulative: 0/33)
  trial 34/50: ghost=0  (cumulative: 0/34)
  trial 35/50: ghost=0  (cumulative: 0/35)
  trial 36/50: ghost=0  (cumulative: 0/36)
  trial 37/50: ghost=0  (cumulative: 0/37)
  trial 38/50: ghost=0  (cumulative: 0/38)
  trial 39/50: ghost=0  (cumulative: 0/39)
  trial 40/50: ghost=0  (cumulative: 0/40)
  trial 41/50: ghost=0  (cumulative: 0/41)
  trial 42/50: ghost=0  (cumulative: 0/42)
  trial 43/50: ghost=0  (cumulative: 0/43)
  trial 44/50: ghost=0  (cumulative: 0/44)
  trial 45/50: ghost=0  (cumulative: 0/45)
  trial 46/50: ghost=0  (cumulative: 0/46)
  trial 47/50: ghost=0  (cumulative: 0/47)
  trial 48/50: ghost=0  (cumulative: 0/48)
  trial 49/50: ghost=0  (cumulative: 0/49)
  trial 50/50: ghost=0  (cumulative: 0/50)

E4b transition | aspnet | D=110ms | cancel_at=50ms | runs=50
────────────────────────────────────────────────────────────
  trial 1/50: ghost=0  (cumulative: 0/1)
  trial 2/50: ghost=0  (cumulative: 0/2)
  trial 3/50: ghost=0  (cumulative: 0/3)
  trial 4/50: ghost=0  (cumulative: 0/4)
  trial 5/50: ghost=0  (cumulative: 0/5)
  trial 6/50: ghost=0  (cumulative: 0/6)
  trial 7/50: ghost=0  (cumulative: 0/7)
  trial 8/50: ghost=0  (cumulative: 0/8)
  trial 9/50: ghost=0  (cumulative: 0/9)
  trial 10/50: ghost=0  (cumulative: 0/10)
  trial 11/50: ghost=0  (cumulative: 0/11)
  trial 12/50: ghost=0  (cumulative: 0/12)
  trial 13/50: ghost=0  (cumulative: 0/13)
  trial 14/50: ghost=0  (cumulative: 0/14)
  trial 15/50: ghost=0  (cumulative: 0/15)
  trial 16/50: ghost=0  (cumulative: 0/16)
  trial 17/50: ghost=0  (cumulative: 0/17)
  trial 18/50: ghost=0  (cumulative: 0/18)
  trial 19/50: ghost=0  (cumulative: 0/19)
  trial 20/50: ghost=0  (cumulative: 0/20)
  trial 21/50: ghost=0  (cumulative: 0/21)
  trial 22/50: ghost=0  (cumulative: 0/22)
  trial 23/50: ghost=0  (cumulative: 0/23)
  trial 24/50: ghost=0  (cumulative: 0/24)
  trial 25/50: ghost=0  (cumulative: 0/25)
  trial 26/50: ghost=0  (cumulative: 0/26)
  trial 27/50: ghost=0  (cumulative: 0/27)
  trial 28/50: ghost=0  (cumulative: 0/28)
  trial 29/50: ghost=0  (cumulative: 0/29)
  trial 30/50: ghost=0  (cumulative: 0/30)
  trial 31/50: ghost=0  (cumulative: 0/31)
  trial 32/50: ghost=0  (cumulative: 0/32)
  trial 33/50: ghost=0  (cumulative: 0/33)
  trial 34/50: ghost=0  (cumulative: 0/34)
  trial 35/50: ghost=0  (cumulative: 0/35)
  trial 36/50: ghost=0  (cumulative: 0/36)
  trial 37/50: ghost=0  (cumulative: 0/37)
  trial 38/50: ghost=0  (cumulative: 0/38)
  trial 39/50: ghost=0  (cumulative: 0/39)
  trial 40/50: ghost=0  (cumulative: 0/40)
  trial 41/50: ghost=0  (cumulative: 0/41)
  trial 42/50: ghost=0  (cumulative: 0/42)
  trial 43/50: ghost=0  (cumulative: 0/43)
  trial 44/50: ghost=0  (cumulative: 0/44)
  trial 45/50: ghost=0  (cumulative: 0/45)
  trial 46/50: ghost=0  (cumulative: 0/46)
  trial 47/50: ghost=0  (cumulative: 0/47)
  trial 48/50: ghost=0  (cumulative: 0/48)
  trial 49/50: ghost=0  (cumulative: 0/49)
  trial 50/50: ghost=0  (cumulative: 0/50)

E4b transition | aspnet | D=58ms | cancel_at=50ms | runs=50
────────────────────────────────────────────────────────────
  trial 1/50: ghost=0  (cumulative: 0/1)
  trial 2/50: ghost=0  (cumulative: 0/2)
  trial 3/50: ghost=0  (cumulative: 0/3)
  trial 4/50: ghost=0  (cumulative: 0/4)
  trial 5/50: ghost=0  (cumulative: 0/5)
  trial 6/50: ghost=0  (cumulative: 0/6)
  trial 7/50: ghost=0  (cumulative: 0/7)
  trial 8/50: ghost=0  (cumulative: 0/8)
  trial 9/50: ghost=0  (cumulative: 0/9)
  trial 10/50: ghost=0  (cumulative: 0/10)
  trial 11/50: ghost=0  (cumulative: 0/11)
  trial 12/50: ghost=0  (cumulative: 0/12)
  trial 13/50: ghost=0  (cumulative: 0/13)
  trial 14/50: ghost=0  (cumulative: 0/14)
  trial 15/50: ghost=0  (cumulative: 0/15)
  trial 16/50: ghost=0  (cumulative: 0/16)
  trial 17/50: ghost=0  (cumulative: 0/17)
  trial 18/50: ghost=0  (cumulative: 0/18)
  trial 19/50: ghost=0  (cumulative: 0/19)
  trial 20/50: ghost=0  (cumulative: 0/20)
  trial 21/50: ghost=0  (cumulative: 0/21)
  trial 22/50: ghost=0  (cumulative: 0/22)
  trial 23/50: ghost=0  (cumulative: 0/23)
  trial 24/50: ghost=0  (cumulative: 0/24)
  trial 25/50: ghost=0  (cumulative: 0/25)
  trial 26/50: ghost=0  (cumulative: 0/26)
  trial 27/50: ghost=0  (cumulative: 0/27)
  trial 28/50: ghost=0  (cumulative: 0/28)
  trial 29/50: ghost=0  (cumulative: 0/29)
  trial 30/50: ghost=0  (cumulative: 0/30)
  trial 31/50: ghost=0  (cumulative: 0/31)
  trial 32/50: ghost=0  (cumulative: 0/32)
  trial 33/50: ghost=0  (cumulative: 0/33)
  trial 34/50: ghost=0  (cumulative: 0/34)
  trial 35/50: ghost=0  (cumulative: 0/35)
  trial 36/50: ghost=0  (cumulative: 0/36)
  trial 37/50: ghost=0  (cumulative: 0/37)
  trial 38/50: ghost=0  (cumulative: 0/38)
  trial 39/50: ghost=0  (cumulative: 0/39)
  trial 40/50: ghost=0  (cumulative: 0/40)
  trial 41/50: ghost=0  (cumulative: 0/41)
  trial 42/50: ghost=0  (cumulative: 0/42)
  trial 43/50: ghost=0  (cumulative: 0/43)
  trial 44/50: ghost=0  (cumulative: 0/44)
  trial 45/50: ghost=0  (cumulative: 0/45)
  trial 46/50: ghost=0  (cumulative: 0/46)
  trial 47/50: ghost=0  (cumulative: 0/47)
  trial 48/50: ghost=0  (cumulative: 0/48)
  trial 49/50: ghost=0  (cumulative: 0/49)
  trial 50/50: ghost=0  (cumulative: 0/50)
=== RUN B: cancel_at=200ms validation ===

E4b transition | aspnet | D=206ms | cancel_at=200ms | runs=30
────────────────────────────────────────────────────────────
  trial 1/30: ghost=0  (cumulative: 0/1)
  trial 2/30: ghost=0  (cumulative: 0/2)
  trial 3/30: ghost=0  (cumulative: 0/3)
  trial 4/30: ghost=0  (cumulative: 0/4)
  trial 5/30: ghost=0  (cumulative: 0/5)
  trial 6/30: ghost=0  (cumulative: 0/6)
  trial 7/30: ghost=0  (cumulative: 0/7)
  trial 8/30: ghost=0  (cumulative: 0/8)
  trial 9/30: ghost=0  (cumulative: 0/9)
  trial 10/30: ghost=0  (cumulative: 0/10)
  trial 11/30: ghost=0  (cumulative: 0/11)
  trial 12/30: ghost=0  (cumulative: 0/12)
  trial 13/30: ghost=0  (cumulative: 0/13)
  trial 14/30: ghost=0  (cumulative: 0/14)
  trial 15/30: ghost=0  (cumulative: 0/15)
  trial 16/30: ghost=0  (cumulative: 0/16)
  trial 17/30: ghost=0  (cumulative: 0/17)
  trial 18/30: ghost=0  (cumulative: 0/18)
  trial 19/30: ghost=0  (cumulative: 0/19)
  trial 20/30: ghost=0  (cumulative: 0/20)
  trial 21/30: ghost=0  (cumulative: 0/21)
  trial 22/30: ghost=0  (cumulative: 0/22)
  trial 23/30: ghost=0  (cumulative: 0/23)
  trial 24/30: ghost=0  (cumulative: 0/24)
  trial 25/30: ghost=0  (cumulative: 0/25)
  trial 26/30: ghost=0  (cumulative: 0/26)
  trial 27/30: ghost=0  (cumulative: 0/27)
  trial 28/30: ghost=0  (cumulative: 0/28)
  trial 29/30: ghost=0  (cumulative: 0/29)
  trial 30/30: ghost=0  (cumulative: 0/30)

E4b transition | aspnet | D=280ms | cancel_at=200ms | runs=30
────────────────────────────────────────────────────────────
  trial 1/30: ghost=0  (cumulative: 0/1)
  trial 2/30: ghost=0  (cumulative: 0/2)
  trial 3/30: ghost=0  (cumulative: 0/3)
  trial 4/30: ghost=0  (cumulative: 0/4)
  trial 5/30: ghost=0  (cumulative: 0/5)
  trial 6/30: ghost=0  (cumulative: 0/6)
  trial 7/30: ghost=0  (cumulative: 0/7)
  trial 8/30: ghost=0  (cumulative: 0/8)
  trial 9/30: ghost=0  (cumulative: 0/9)
  trial 10/30: ghost=0  (cumulative: 0/10)
  trial 11/30: ghost=0  (cumulative: 0/11)
  trial 12/30: ghost=0  (cumulative: 0/12)
  trial 13/30: ghost=0  (cumulative: 0/13)
  trial 14/30: ghost=0  (cumulative: 0/14)
  trial 15/30: ghost=0  (cumulative: 0/15)
  trial 16/30: ghost=0  (cumulative: 0/16)
  trial 17/30: ghost=0  (cumulative: 0/17)
  trial 18/30: ghost=0  (cumulative: 0/18)
  trial 19/30: ghost=0  (cumulative: 0/19)
  trial 20/30: ghost=0  (cumulative: 0/20)
  trial 21/30: ghost=0  (cumulative: 0/21)
  trial 22/30: ghost=0  (cumulative: 0/22)
  trial 23/30: ghost=0  (cumulative: 0/23)
  trial 24/30: ghost=0  (cumulative: 0/24)
  trial 25/30: ghost=0  (cumulative: 0/25)
  trial 26/30: ghost=0  (cumulative: 0/26)
  trial 27/30: ghost=0  (cumulative: 0/27)
  trial 28/30: ghost=0  (cumulative: 0/28)
  trial 29/30: ghost=0  (cumulative: 0/29)
  trial 30/30: ghost=0  (cumulative: 0/30)

E4b transition | aspnet | D=204ms | cancel_at=200ms | runs=30
────────────────────────────────────────────────────────────
  trial 1/30: ghost=0  (cumulative: 0/1)
  trial 2/30: ghost=0  (cumulative: 0/2)
  trial 3/30: ghost=0  (cumulative: 0/3)
  trial 4/30: ghost=0  (cumulative: 0/4)
  trial 5/30: ghost=0  (cumulative: 0/5)
  trial 6/30: ghost=0  (cumulative: 0/6)
  trial 7/30: ghost=0  (cumulative: 0/7)
  trial 8/30: ghost=0  (cumulative: 0/8)
  trial 9/30: ghost=0  (cumulative: 0/9)
  trial 10/30: ghost=0  (cumulative: 0/10)
  trial 11/30: ghost=0  (cumulative: 0/11)
  trial 12/30: ghost=0  (cumulative: 0/12)
  trial 13/30: ghost=0  (cumulative: 0/13)
  trial 14/30: ghost=0  (cumulative: 0/14)
  trial 15/30: ghost=0  (cumulative: 0/15)
  trial 16/30: ghost=0  (cumulative: 0/16)
  trial 17/30: ghost=0  (cumulative: 0/17)
  trial 18/30: ghost=0  (cumulative: 0/18)
  trial 19/30: ghost=0  (cumulative: 0/19)
  trial 20/30: ghost=0  (cumulative: 0/20)
  trial 21/30: ghost=0  (cumulative: 0/21)
  trial 22/30: ghost=0  (cumulative: 0/22)
  trial 23/30: ghost=0  (cumulative: 0/23)
  trial 24/30: ghost=0  (cumulative: 0/24)
  trial 25/30: ghost=0  (cumulative: 0/25)
  trial 26/30: ghost=0  (cumulative: 0/26)
  trial 27/30: ghost=0  (cumulative: 0/27)
  trial 28/30: ghost=0  (cumulative: 0/28)
  trial 29/30: ghost=0  (cumulative: 0/29)
  trial 30/30: ghost=0  (cumulative: 0/30)

E4b transition | aspnet | D=185ms | cancel_at=200ms | runs=30
────────────────────────────────────────────────────────────
  trial 1/30: ghost=1  (cumulative: 1/1)
  trial 2/30: ghost=1  (cumulative: 2/2)
  trial 3/30: ghost=1  (cumulative: 3/3)
  trial 4/30: ghost=1  (cumulative: 4/4)
  trial 5/30: ghost=1  (cumulative: 5/5)
  trial 6/30: ghost=1  (cumulative: 6/6)
  trial 7/30: ghost=1  (cumulative: 7/7)
  trial 8/30: ghost=1  (cumulative: 8/8)
  trial 9/30: ghost=1  (cumulative: 9/9)
  trial 10/30: ghost=1  (cumulative: 10/10)
  trial 11/30: ghost=1  (cumulative: 11/11)
  trial 12/30: ghost=1  (cumulative: 12/12)
  trial 13/30: ghost=1  (cumulative: 13/13)
  trial 14/30: ghost=1  (cumulative: 14/14)
  trial 15/30: ghost=1  (cumulative: 15/15)
  trial 16/30: ghost=1  (cumulative: 16/16)
  trial 17/30: ghost=1  (cumulative: 17/17)
  trial 18/30: ghost=1  (cumulative: 18/18)
  trial 19/30: ghost=1  (cumulative: 19/19)
  trial 20/30: ghost=1  (cumulative: 20/20)
  trial 21/30: ghost=1  (cumulative: 21/21)
  trial 22/30: ghost=1  (cumulative: 22/22)
  trial 23/30: ghost=1  (cumulative: 23/23)
  trial 24/30: ghost=1  (cumulative: 24/24)
  trial 25/30: ghost=1  (cumulative: 25/25)
  trial 26/30: ghost=1  (cumulative: 26/26)
  trial 27/30: ghost=1  (cumulative: 27/27)
  trial 28/30: ghost=1  (cumulative: 28/28)
  trial 29/30: ghost=1  (cumulative: 29/29)
  trial 30/30: ghost=1  (cumulative: 30/30)

E4b transition | aspnet | D=198ms | cancel_at=200ms | runs=30
────────────────────────────────────────────────────────────
  trial 1/30: ghost=1  (cumulative: 1/1)
  trial 2/30: ghost=1  (cumulative: 2/2)
  trial 3/30: ghost=1  (cumulative: 3/3)
  trial 4/30: ghost=1  (cumulative: 4/4)
  trial 5/30: ghost=1  (cumulative: 5/5)
  trial 6/30: ghost=1  (cumulative: 6/6)
  trial 7/30: ghost=1  (cumulative: 7/7)
  trial 8/30: ghost=0  (cumulative: 7/8)
  trial 9/30: ghost=1  (cumulative: 8/9)
  trial 10/30: ghost=1  (cumulative: 9/10)
  trial 11/30: ghost=1  (cumulative: 10/11)
  trial 12/30: ghost=1  (cumulative: 11/12)
  trial 13/30: ghost=1  (cumulative: 12/13)
  trial 14/30: ghost=1  (cumulative: 13/14)
  trial 15/30: ghost=1  (cumulative: 14/15)
  trial 16/30: ghost=1  (cumulative: 15/16)
  trial 17/30: ghost=1  (cumulative: 16/17)
  trial 18/30: ghost=1  (cumulative: 17/18)
  trial 19/30: ghost=1  (cumulative: 18/19)
  trial 20/30: ghost=1  (cumulative: 19/20)
  trial 21/30: ghost=1  (cumulative: 20/21)
  trial 22/30: ghost=1  (cumulative: 21/22)
  trial 23/30: ghost=1  (cumulative: 22/23)
  trial 24/30: ghost=1  (cumulative: 23/24)
  trial 25/30: ghost=1  (cumulative: 24/25)
  trial 26/30: ghost=1  (cumulative: 25/26)
  trial 27/30: ghost=1  (cumulative: 26/27)
  trial 28/30: ghost=1  (cumulative: 27/28)
  trial 29/30: ghost=1  (cumulative: 28/29)
  trial 30/30: ghost=1  (cumulative: 29/30)

E4b transition | aspnet | D=200ms | cancel_at=200ms | runs=30
────────────────────────────────────────────────────────────
  trial 1/30: ghost=0  (cumulative: 0/1)
  trial 2/30: ghost=0  (cumulative: 0/2)
  trial 3/30: ghost=0  (cumulative: 0/3)
  trial 4/30: ghost=1  (cumulative: 1/4)
  trial 5/30: ghost=1  (cumulative: 2/5)
  trial 6/30: ghost=0  (cumulative: 2/6)
  trial 7/30: ghost=0  (cumulative: 2/7)
  trial 8/30: ghost=0  (cumulative: 2/8)
  trial 9/30: ghost=0  (cumulative: 2/9)
  trial 10/30: ghost=0  (cumulative: 2/10)
  trial 11/30: ghost=0  (cumulative: 2/11)
  trial 12/30: ghost=0  (cumulative: 2/12)
  trial 13/30: ghost=0  (cumulative: 2/13)
  trial 14/30: ghost=0  (cumulative: 2/14)
  trial 15/30: ghost=0  (cumulative: 2/15)
  trial 16/30: ghost=0  (cumulative: 2/16)
  trial 17/30: ghost=0  (cumulative: 2/17)
  trial 18/30: ghost=0  (cumulative: 2/18)
  trial 19/30: ghost=0  (cumulative: 2/19)
  trial 20/30: ghost=0  (cumulative: 2/20)
  trial 21/30: ghost=0  (cumulative: 2/21)
  trial 22/30: ghost=0  (cumulative: 2/22)
  trial 23/30: ghost=0  (cumulative: 2/23)
  trial 24/30: ghost=0  (cumulative: 2/24)
  trial 25/30: ghost=0  (cumulative: 2/25)
  trial 26/30: ghost=0  (cumulative: 2/26)
  trial 27/30: ghost=0  (cumulative: 2/27)
  trial 28/30: ghost=0  (cumulative: 2/28)
  trial 29/30: ghost=0  (cumulative: 2/29)
  trial 30/30: ghost=0  (cumulative: 2/30)

E4b transition | aspnet | D=208ms | cancel_at=200ms | runs=30
────────────────────────────────────────────────────────────
  trial 1/30: ghost=0  (cumulative: 0/1)
  trial 2/30: ghost=0  (cumulative: 0/2)
  trial 3/30: ghost=0  (cumulative: 0/3)
  trial 4/30: ghost=0  (cumulative: 0/4)
  trial 5/30: ghost=0  (cumulative: 0/5)
  trial 6/30: ghost=0  (cumulative: 0/6)
  trial 7/30: ghost=0  (cumulative: 0/7)
  trial 8/30: ghost=0  (cumulative: 0/8)
  trial 9/30: ghost=0  (cumulative: 0/9)
  trial 10/30: ghost=0  (cumulative: 0/10)
  trial 11/30: ghost=0  (cumulative: 0/11)
  trial 12/30: ghost=0  (cumulative: 0/12)
  trial 13/30: ghost=0  (cumulative: 0/13)
  trial 14/30: ghost=0  (cumulative: 0/14)
  trial 15/30: ghost=0  (cumulative: 0/15)
  trial 16/30: ghost=0  (cumulative: 0/16)
  trial 17/30: ghost=0  (cumulative: 0/17)
  trial 18/30: ghost=0  (cumulative: 0/18)
  trial 19/30: ghost=0  (cumulative: 0/19)
  trial 20/30: ghost=0  (cumulative: 0/20)
  trial 21/30: ghost=0  (cumulative: 0/21)
  trial 22/30: ghost=0  (cumulative: 0/22)
  trial 23/30: ghost=0  (cumulative: 0/23)
  trial 24/30: ghost=0  (cumulative: 0/24)
  trial 25/30: ghost=0  (cumulative: 0/25)
  trial 26/30: ghost=0  (cumulative: 0/26)
  trial 27/30: ghost=0  (cumulative: 0/27)
  trial 28/30: ghost=0  (cumulative: 0/28)
  trial 29/30: ghost=0  (cumulative: 0/29)
  trial 30/30: ghost=0  (cumulative: 0/30)

E4b transition | aspnet | D=210ms | cancel_at=200ms | runs=30
────────────────────────────────────────────────────────────
  trial 1/30: ghost=0  (cumulative: 0/1)
  trial 2/30: ghost=0  (cumulative: 0/2)
  trial 3/30: ghost=0  (cumulative: 0/3)
  trial 4/30: ghost=0  (cumulative: 0/4)
  trial 5/30: ghost=0  (cumulative: 0/5)
  trial 6/30: ghost=0  (cumulative: 0/6)
  trial 7/30: ghost=0  (cumulative: 0/7)
  trial 8/30: ghost=0  (cumulative: 0/8)
  trial 9/30: ghost=0  (cumulative: 0/9)
  trial 10/30: ghost=0  (cumulative: 0/10)
  trial 11/30: ghost=0  (cumulative: 0/11)
  trial 12/30: ghost=0  (cumulative: 0/12)
  trial 13/30: ghost=0  (cumulative: 0/13)
  trial 14/30: ghost=0  (cumulative: 0/14)
  trial 15/30: ghost=0  (cumulative: 0/15)
  trial 16/30: ghost=0  (cumulative: 0/16)
  trial 17/30: ghost=0  (cumulative: 0/17)
  trial 18/30: ghost=0  (cumulative: 0/18)
  trial 19/30: ghost=0  (cumulative: 0/19)
  trial 20/30: ghost=0  (cumulative: 0/20)
  trial 21/30: ghost=0  (cumulative: 0/21)
  trial 22/30: ghost=0  (cumulative: 0/22)
  trial 23/30: ghost=0  (cumulative: 0/23)
  trial 24/30: ghost=0  (cumulative: 0/24)
  trial 25/30: ghost=0  (cumulative: 0/25)
  trial 26/30: ghost=0  (cumulative: 0/26)
  trial 27/30: ghost=0  (cumulative: 0/27)
  trial 28/30: ghost=0  (cumulative: 0/28)
  trial 29/30: ghost=0  (cumulative: 0/29)
  trial 30/30: ghost=0  (cumulative: 0/30)

E4b transition | aspnet | D=215ms | cancel_at=200ms | runs=30
────────────────────────────────────────────────────────────
  trial 1/30: ghost=0  (cumulative: 0/1)
  trial 2/30: ghost=0  (cumulative: 0/2)
  trial 3/30: ghost=0  (cumulative: 0/3)
  trial 4/30: ghost=0  (cumulative: 0/4)
  trial 5/30: ghost=0  (cumulative: 0/5)
  trial 6/30: ghost=0  (cumulative: 0/6)
  trial 7/30: ghost=0  (cumulative: 0/7)
  trial 8/30: ghost=0  (cumulative: 0/8)
  trial 9/30: ghost=0  (cumulative: 0/9)
  trial 10/30: ghost=0  (cumulative: 0/10)
  trial 11/30: ghost=0  (cumulative: 0/11)
  trial 12/30: ghost=0  (cumulative: 0/12)
  trial 13/30: ghost=0  (cumulative: 0/13)
  trial 14/30: ghost=0  (cumulative: 0/14)
  trial 15/30: ghost=0  (cumulative: 0/15)
  trial 16/30: ghost=0  (cumulative: 0/16)
  trial 17/30: ghost=0  (cumulative: 0/17)
  trial 18/30: ghost=0  (cumulative: 0/18)
  trial 19/30: ghost=0  (cumulative: 0/19)
  trial 20/30: ghost=0  (cumulative: 0/20)
  trial 21/30: ghost=0  (cumulative: 0/21)
  trial 22/30: ghost=0  (cumulative: 0/22)
  trial 23/30: ghost=0  (cumulative: 0/23)
  trial 24/30: ghost=0  (cumulative: 0/24)
  trial 25/30: ghost=0  (cumulative: 0/25)
  trial 26/30: ghost=0  (cumulative: 0/26)
  trial 27/30: ghost=0  (cumulative: 0/27)
  trial 28/30: ghost=0  (cumulative: 0/28)
  trial 29/30: ghost=0  (cumulative: 0/29)
  trial 30/30: ghost=0  (cumulative: 0/30)

E4b transition | aspnet | D=202ms | cancel_at=200ms | runs=30
────────────────────────────────────────────────────────────
  trial 1/30: ghost=0  (cumulative: 0/1)
  trial 2/30: ghost=0  (cumulative: 0/2)
  trial 3/30: ghost=0  (cumulative: 0/3)
  trial 4/30: ghost=0  (cumulative: 0/4)
  trial 5/30: ghost=0  (cumulative: 0/5)
  trial 6/30: ghost=0  (cumulative: 0/6)
  trial 7/30: ghost=0  (cumulative: 0/7)
  trial 8/30: ghost=0  (cumulative: 0/8)
  trial 9/30: ghost=0  (cumulative: 0/9)
  trial 10/30: ghost=0  (cumulative: 0/10)
  trial 11/30: ghost=0  (cumulative: 0/11)
  trial 12/30: ghost=0  (cumulative: 0/12)
  trial 13/30: ghost=0  (cumulative: 0/13)
  trial 14/30: ghost=0  (cumulative: 0/14)
  trial 15/30: ghost=0  (cumulative: 0/15)
  trial 16/30: ghost=0  (cumulative: 0/16)
  trial 17/30: ghost=0  (cumulative: 0/17)
  trial 18/30: ghost=0  (cumulative: 0/18)
  trial 19/30: ghost=0  (cumulative: 0/19)
  trial 20/30: ghost=0  (cumulative: 0/20)
  trial 21/30: ghost=0  (cumulative: 0/21)
  trial 22/30: ghost=0  (cumulative: 0/22)
  trial 23/30: ghost=0  (cumulative: 0/23)
  trial 24/30: ghost=0  (cumulative: 0/24)
  trial 25/30: ghost=0  (cumulative: 0/25)
  trial 26/30: ghost=0  (cumulative: 0/26)
  trial 27/30: ghost=0  (cumulative: 0/27)
  trial 28/30: ghost=0  (cumulative: 0/28)
  trial 29/30: ghost=0  (cumulative: 0/29)
  trial 30/30: ghost=0  (cumulative: 0/30)

E4b transition | aspnet | D=150ms | cancel_at=200ms | runs=30
────────────────────────────────────────────────────────────
  trial 1/30: ghost=1  (cumulative: 1/1)
  trial 2/30: ghost=1  (cumulative: 2/2)
  trial 3/30: ghost=1  (cumulative: 3/3)
  trial 4/30: ghost=1  (cumulative: 4/4)
  trial 5/30: ghost=1  (cumulative: 5/5)
  trial 6/30: ghost=1  (cumulative: 6/6)
  trial 7/30: ghost=1  (cumulative: 7/7)
  trial 8/30: ghost=1  (cumulative: 8/8)
  trial 9/30: ghost=1  (cumulative: 9/9)
  trial 10/30: ghost=1  (cumulative: 10/10)
  trial 11/30: ghost=1  (cumulative: 11/11)
  trial 12/30: ghost=1  (cumulative: 12/12)
  trial 13/30: ghost=1  (cumulative: 13/13)
  trial 14/30: ghost=1  (cumulative: 14/14)
  trial 15/30: ghost=1  (cumulative: 15/15)
  trial 16/30: ghost=1  (cumulative: 16/16)
  trial 17/30: ghost=1  (cumulative: 17/17)
  trial 18/30: ghost=1  (cumulative: 18/18)
  trial 19/30: ghost=1  (cumulative: 19/19)
  trial 20/30: ghost=1  (cumulative: 20/20)
  trial 21/30: ghost=1  (cumulative: 21/21)
  trial 22/30: ghost=1  (cumulative: 22/22)
  trial 23/30: ghost=1  (cumulative: 23/23)
  trial 24/30: ghost=1  (cumulative: 24/24)
  trial 25/30: ghost=1  (cumulative: 25/25)
  trial 26/30: ghost=1  (cumulative: 26/26)
  trial 27/30: ghost=1  (cumulative: 27/27)
  trial 28/30: ghost=1  (cumulative: 28/28)
  trial 29/30: ghost=1  (cumulative: 29/29)
  trial 30/30: ghost=1  (cumulative: 30/30)
=== RUN C: WebFlux E4b re-run ===

E4b D-sweep | framework=webflux | D=100ms | runs=20
────────────────────────────────────────────────────────────
  trial 1/20: ghost=1 outer=None inner=None sql_state=None
  trial 2/20: ghost=1 outer=None inner=None sql_state=None
  trial 3/20: ghost=1 outer=None inner=None sql_state=None
  trial 4/20: ghost=1 outer=None inner=None sql_state=None
  trial 5/20: ghost=1 outer=None inner=None sql_state=None
  trial 6/20: ghost=1 outer=None inner=None sql_state=None
  trial 7/20: ghost=1 outer=None inner=None sql_state=None
  trial 8/20: ghost=1 outer=None inner=None sql_state=None
  trial 9/20: ghost=1 outer=None inner=None sql_state=None
  trial 10/20: ghost=1 outer=None inner=None sql_state=None
  trial 11/20: ghost=1 outer=None inner=None sql_state=None
  trial 12/20: ghost=1 outer=None inner=None sql_state=None
  trial 13/20: ghost=1 outer=None inner=None sql_state=None
  trial 14/20: ghost=1 outer=None inner=None sql_state=None
  trial 15/20: ghost=1 outer=None inner=None sql_state=None
  trial 16/20: ghost=1 outer=None inner=None sql_state=None
  trial 17/20: ghost=1 outer=None inner=None sql_state=None
  trial 18/20: ghost=1 outer=None inner=None sql_state=None
  trial 19/20: ghost=1 outer=None inner=None sql_state=None
  trial 20/20: ghost=1 outer=None inner=None sql_state=None

E4b D-sweep | framework=webflux | D=250ms | runs=20
────────────────────────────────────────────────────────────
  trial 1/20: ghost=1 outer=None inner=None sql_state=None
  trial 2/20: ghost=1 outer=None inner=None sql_state=None
  trial 3/20: ghost=1 outer=None inner=None sql_state=None
  trial 4/20: ghost=1 outer=None inner=None sql_state=None
  trial 5/20: ghost=1 outer=None inner=None sql_state=None
  trial 6/20: ghost=1 outer=None inner=None sql_state=None
  trial 7/20: ghost=1 outer=None inner=None sql_state=None
  trial 8/20: ghost=1 outer=None inner=None sql_state=None
  trial 9/20: ghost=1 outer=None inner=None sql_state=None
  trial 10/20: ghost=1 outer=None inner=None sql_state=None
  trial 11/20: ghost=1 outer=None inner=None sql_state=None
  trial 12/20: ghost=1 outer=None inner=None sql_state=None
  trial 13/20: ghost=1 outer=None inner=None sql_state=None
  trial 14/20: ghost=1 outer=None inner=None sql_state=None
  trial 15/20: ghost=1 outer=None inner=None sql_state=None
  trial 16/20: ghost=1 outer=None inner=None sql_state=None
  trial 17/20: ghost=1 outer=None inner=None sql_state=None
  trial 18/20: ghost=1 outer=None inner=None sql_state=None
  trial 19/20: ghost=1 outer=None inner=None sql_state=None
  trial 20/20: ghost=1 outer=None inner=None sql_state=None

E4b D-sweep | framework=webflux | D=1000ms | runs=20
────────────────────────────────────────────────────────────
  trial 1/20: ghost=1 outer=None inner=None sql_state=None
  trial 2/20: ghost=1 outer=None inner=None sql_state=None
  trial 3/20: ghost=1 outer=None inner=None sql_state=None
  trial 4/20: ghost=1 outer=None inner=None sql_state=None
  trial 5/20: ghost=1 outer=None inner=None sql_state=None
  trial 6/20: ghost=1 outer=None inner=None sql_state=None
  trial 7/20: ghost=1 outer=None inner=None sql_state=None
  trial 8/20: ghost=1 outer=None inner=None sql_state=None
  trial 9/20: ghost=1 outer=None inner=None sql_state=None
  trial 10/20: ghost=1 outer=None inner=None sql_state=None
  trial 11/20: ghost=1 outer=None inner=None sql_state=None
  trial 12/20: ghost=1 outer=None inner=None sql_state=None
  trial 13/20: ghost=1 outer=None inner=None sql_state=None
  trial 14/20: ghost=1 outer=None inner=None sql_state=None
  trial 15/20: ghost=1 outer=None inner=None sql_state=None
  trial 16/20: ghost=1 outer=None inner=None sql_state=None
  trial 17/20: ghost=1 outer=None inner=None sql_state=None
  trial 18/20: ghost=1 outer=None inner=None sql_state=None
  trial 19/20: ghost=1 outer=None inner=None sql_state=None
  trial 20/20: ghost=1 outer=None inner=None sql_state=None
DONE Sun May 31 11:08:46 PM CEST 2026
