Logging to: /home/tudor/dev/request-cancellation-research/experiments/sq3/logs/e4b-exceptions_20260527_185720.log
Started at: Wed May 27 06:57:20 PM CEST 2026

▶ E4b-exceptions — Npgsql exception distinguishability (DSTAR=60ms)
  D*-50ms (ghost write expected) and D*+50ms (clean cancel expected)
threadpool min_worker=1 max_worker=200 logical_cpus=1
yield_interval_ms=100
aspnet ready

E4b exceptions | aspnet | D=10ms | category=below_dstar | runs=10
────────────────────────────────────────────────────────────
  trial 1/10: ghost=0 outer=OperationCanceledException inner=None sql_state=None
  trial 2/10: ghost=1 outer=None inner=None sql_state=None
  trial 3/10: ghost=1 outer=None inner=None sql_state=None
  trial 4/10: ghost=1 outer=None inner=None sql_state=None
  trial 5/10: ghost=1 outer=None inner=None sql_state=None
  trial 6/10: ghost=1 outer=None inner=None sql_state=None
  trial 7/10: ghost=1 outer=None inner=None sql_state=None
  trial 8/10: ghost=1 outer=None inner=None sql_state=None
  trial 9/10: ghost=1 outer=None inner=None sql_state=None
  trial 10/10: ghost=1 outer=None inner=None sql_state=None

E4b exceptions | aspnet | D=110ms | category=above_dstar | runs=10
────────────────────────────────────────────────────────────
  trial 1/10: ghost=0 outer=OperationCanceledException inner=PostgresException sql_state=57014
  trial 2/10: ghost=0 outer=OperationCanceledException inner=PostgresException sql_state=57014
  trial 3/10: ghost=0 outer=OperationCanceledException inner=PostgresException sql_state=57014
  trial 4/10: ghost=0 outer=OperationCanceledException inner=PostgresException sql_state=57014
  trial 5/10: ghost=0 outer=OperationCanceledException inner=PostgresException sql_state=57014
  trial 6/10: ghost=0 outer=OperationCanceledException inner=PostgresException sql_state=57014
  trial 7/10: ghost=0 outer=OperationCanceledException inner=PostgresException sql_state=57014
  trial 8/10: ghost=0 outer=OperationCanceledException inner=PostgresException sql_state=57014
  trial 9/10: ghost=0 outer=OperationCanceledException inner=PostgresException sql_state=57014
  trial 10/10: ghost=0 outer=OperationCanceledException inner=PostgresException sql_state=57014

E4b-exceptions complete. Analyse:
  conda activate thesis-stats && python /home/tudor/dev/request-cancellation-research/tests/sq3/e4_analyse.py --only e4b-exceptions

════════════════════════════════════════════════════════════════════
E4 e4b-exceptions finished. Full synthesis:
  conda activate thesis-stats && python /home/tudor/dev/request-cancellation-research/tests/sq3/e4_analyse.py
